TN:
SF:controllers/checkInOutController.js
FN:11,(anonymous_0)
FN:65,(anonymous_1)
FN:140,(anonymous_2)
FN:265,schedulePriorityEscalation
FN:269,(anonymous_4)
FN:299,(anonymous_5)
FN:318,(anonymous_6)
FN:324,(anonymous_7)
FN:327,(anonymous_8)
FN:328,(anonymous_9)
FN:344,(anonymous_10)
FN:362,(anonymous_11)
FN:375,(anonymous_12)
FN:394,(anonymous_13)
FN:430,(anonymous_14)
FN:521,(anonymous_15)
FN:539,(anonymous_16)
FN:540,(anonymous_17)
FNF:18
FNH:0
FNDA:0,(anonymous_0)
FNDA:0,(anonymous_1)
FNDA:0,(anonymous_2)
FNDA:0,schedulePriorityEscalation
FNDA:0,(anonymous_4)
FNDA:0,(anonymous_5)
FNDA:0,(anonymous_6)
FNDA:0,(anonymous_7)
FNDA:0,(anonymous_8)
FNDA:0,(anonymous_9)
FNDA:0,(anonymous_10)
FNDA:0,(anonymous_11)
FNDA:0,(anonymous_12)
FNDA:0,(anonymous_13)
FNDA:0,(anonymous_14)
FNDA:0,(anonymous_15)
FNDA:0,(anonymous_16)
FNDA:0,(anonymous_17)
DA:11,0
DA:12,0
DA:13,0
DA:15,0
DA:16,0
DA:17,0
DA:21,0
DA:26,0
DA:27,0
DA:28,0
DA:32,0
DA:55,0
DA:56,0
DA:58,0
DA:60,0
DA:61,0
DA:65,0
DA:66,0
DA:67,0
DA:68,0
DA:70,0
DA:73,0
DA:74,0
DA:75,0
DA:79,0
DA:80,0
DA:81,0
DA:85,0
DA:86,0
DA:87,0
DA:91,0
DA:92,0
DA:93,0
DA:94,0
DA:95,0
DA:96,0
DA:98,0
DA:99,0
DA:100,0
DA:102,0
DA:103,0
DA:105,0
DA:107,0
DA:121,0
DA:124,0
DA:125,0
DA:127,0
DA:136,0
DA:140,0
DA:141,0
DA:142,0
DA:143,0
DA:145,0
DA:147,0
DA:148,0
DA:149,0
DA:152,0
DA:153,0
DA:154,0
DA:155,0
DA:156,0
DA:157,0
DA:159,0
DA:162,0
DA:163,0
DA:164,0
DA:165,0
DA:166,0
DA:167,0
DA:168,0
DA:169,0
DA:170,0
DA:171,0
DA:172,0
DA:173,0
DA:174,0
DA:176,0
DA:179,0
DA:181,0
DA:186,0
DA:187,0
DA:188,0
DA:189,0
DA:190,0
DA:191,0
DA:192,0
DA:193,0
DA:194,0
DA:196,0
DA:198,0
DA:203,0
DA:204,0
DA:206,0
DA:207,0
DA:208,0
DA:211,0
DA:213,0
DA:214,0
DA:216,0
DA:217,0
DA:220,0
DA:221,0
DA:222,0
DA:226,0
DA:227,0
DA:228,0
DA:242,0
DA:243,0
DA:246,0
DA:248,0
DA:252,0
DA:254,0
DA:255,0
DA:258,0
DA:260,0
DA:266,0
DA:267,0
DA:269,0
DA:270,0
DA:271,0
DA:272,0
DA:273,0
DA:275,0
DA:276,0
DA:277,0
DA:278,0
DA:279,0
DA:280,0
DA:284,0
DA:285,0
DA:288,0
DA:290,0
DA:295,0
DA:299,0
DA:300,0
DA:301,0
DA:302,0
DA:305,0
DA:313,0
DA:314,0
DA:318,0
DA:319,0
DA:324,0
DA:326,0
DA:327,0
DA:328,0
DA:337,0
DA:339,0
DA:340,0
DA:344,0
DA:345,0
DA:346,0
DA:347,0
DA:352,0
DA:353,0
DA:356,0
DA:358,0
DA:362,0
DA:363,0
DA:364,0
DA:369,0
DA:371,0
DA:375,0
DA:376,0
DA:377,0
DA:378,0
DA:380,0
DA:381,0
DA:382,0
DA:385,0
DA:386,0
DA:388,0
DA:390,0
DA:394,0
DA:395,0
DA:396,0
DA:397,0
DA:399,0
DA:407,0
DA:408,0
DA:410,0
DA:411,0
DA:412,0
DA:415,0
DA:423,0
DA:425,0
DA:426,0
DA:430,0
DA:431,0
DA:432,0
DA:435,0
DA:436,0
DA:438,0
DA:439,0
DA:440,0
DA:442,0
DA:443,0
DA:447,0
DA:448,0
DA:449,0
DA:453,0
DA:454,0
DA:458,0
DA:459,0
DA:463,0
DA:464,0
DA:465,0
DA:469,0
DA:470,0
DA:471,0
DA:472,0
DA:473,0
DA:474,0
DA:477,0
DA:478,0
DA:479,0
DA:481,0
DA:482,0
DA:484,0
DA:485,0
DA:486,0
DA:487,0
DA:490,0
DA:491,0
DA:492,0
DA:493,0
DA:494,0
DA:495,0
DA:496,0
DA:497,0
DA:499,0
DA:502,0
DA:503,0
DA:504,0
DA:505,0
DA:508,0
DA:517,0
DA:521,0
DA:522,0
DA:523,0
DA:525,0
DA:530,0
DA:531,0
DA:534,0
DA:535,0
DA:537,0
DA:538,0
DA:539,0
DA:540,0
DA:541,0
DA:542,0
DA:544,0
DA:565,0
DA:567,0
LF:254
LH:0
BRDA:16,0,0,0
BRDA:16,0,1,0
BRDA:26,1,0,0
BRDA:26,1,1,0
BRDA:45,2,0,0
BRDA:45,2,1,0
BRDA:68,3,0,0
BRDA:68,3,1,0
BRDA:74,4,0,0
BRDA:74,4,1,0
BRDA:74,5,0,0
BRDA:74,5,1,0
BRDA:80,6,0,0
BRDA:80,6,1,0
BRDA:80,7,0,0
BRDA:80,7,1,0
BRDA:86,8,0,0
BRDA:86,8,1,0
BRDA:99,9,0,0
BRDA:99,9,1,0
BRDA:102,10,0,0
BRDA:102,10,1,0
BRDA:143,11,0,0
BRDA:143,11,1,0
BRDA:148,12,0,0
BRDA:148,12,1,0
BRDA:148,13,0,0
BRDA:148,13,1,0
BRDA:156,14,0,0
BRDA:156,14,1,0
BRDA:163,15,0,0
BRDA:163,15,1,0
BRDA:165,16,0,0
BRDA:165,16,1,0
BRDA:179,17,0,0
BRDA:179,17,1,0
BRDA:186,18,0,0
BRDA:186,18,1,0
BRDA:186,19,0,0
BRDA:186,19,1,0
BRDA:206,20,0,0
BRDA:206,20,1,0
BRDA:213,21,0,0
BRDA:213,21,1,0
BRDA:220,22,0,0
BRDA:220,22,1,0
BRDA:221,23,0,0
BRDA:221,23,1,0
BRDA:226,24,0,0
BRDA:226,24,1,0
BRDA:252,25,0,0
BRDA:252,25,1,0
BRDA:272,26,0,0
BRDA:272,26,1,0
BRDA:273,27,0,0
BRDA:273,27,1,0
BRDA:275,28,0,0
BRDA:275,28,1,0
BRDA:277,29,0,0
BRDA:277,29,1,0
BRDA:277,30,0,0
BRDA:277,30,1,0
BRDA:284,31,0,0
BRDA:284,31,1,0
BRDA:284,32,0,0
BRDA:284,32,1,0
BRDA:313,33,0,0
BRDA:313,33,1,0
BRDA:327,34,0,0
BRDA:327,34,1,0
BRDA:334,35,0,0
BRDA:334,35,1,0
BRDA:352,36,0,0
BRDA:352,36,1,0
BRDA:381,37,0,0
BRDA:381,37,1,0
BRDA:381,38,0,0
BRDA:381,38,1,0
BRDA:407,39,0,0
BRDA:407,39,1,0
BRDA:410,40,0,0
BRDA:410,40,1,0
BRDA:439,41,0,0
BRDA:439,41,1,0
BRDA:440,42,0,0
BRDA:440,42,1,0
BRDA:448,43,0,0
BRDA:448,43,1,0
BRDA:448,44,0,0
BRDA:448,44,1,0
BRDA:453,45,0,0
BRDA:453,45,1,0
BRDA:458,46,0,0
BRDA:458,46,1,0
BRDA:458,47,0,0
BRDA:458,47,1,0
BRDA:464,48,0,0
BRDA:464,48,1,0
BRDA:478,49,0,0
BRDA:478,49,1,0
BRDA:481,50,0,0
BRDA:481,50,1,0
BRDA:495,51,0,0
BRDA:495,51,1,0
BRDA:496,52,0,0
BRDA:496,52,1,0
BRDA:503,53,0,0
BRDA:503,53,1,0
BRDA:530,54,0,0
BRDA:530,54,1,0
BRDA:538,55,0,0
BRDA:538,55,1,0
BRDA:539,56,0,0
BRDA:539,56,1,0
BRF:114
BRH:0
end_of_record
TN:
SF:controllers/guestServiceController.js
FN:5,(anonymous_0)
FN:16,(anonymous_1)
FN:37,(anonymous_2)
FN:53,(anonymous_3)
FN:72,(anonymous_4)
FN:173,(anonymous_5)
FN:210,(anonymous_6)
FNF:7
FNH:0
FNDA:0,(anonymous_0)
FNDA:0,(anonymous_1)
FNDA:0,(anonymous_2)
FNDA:0,(anonymous_3)
FNDA:0,(anonymous_4)
FNDA:0,(anonymous_5)
FNDA:0,(anonymous_6)
DA:5,0
DA:6,0
DA:7,0
DA:8,0
DA:9,0
DA:12,0
DA:16,0
DA:21,0
DA:23,0
DA:30,0
DA:31,0
DA:33,0
DA:37,0
DA:38,0
DA:39,0
DA:40,0
DA:42,0
DA:47,0
DA:49,0
DA:53,0
DA:54,0
DA:55,0
DA:57,0
DA:62,0
DA:63,0
DA:66,0
DA:68,0
DA:72,0
DA:73,0
DA:74,0
DA:75,0
DA:77,0
DA:78,0
DA:81,0
DA:82,0
DA:83,0
DA:86,0
DA:87,0
DA:88,0
DA:89,0
DA:92,0
DA:93,0
DA:94,0
DA:95,0
DA:96,0
DA:99,0
DA:101,0
DA:102,0
DA:107,0
DA:109,0
DA:110,0
DA:111,0
DA:113,0
DA:115,0
DA:116,0
DA:117,0
DA:118,0
DA:121,0
DA:124,0
DA:135,0
DA:136,0
DA:137,0
DA:138,0
DA:141,0
DA:144,0
DA:151,0
DA:152,0
DA:153,0
DA:155,0
DA:156,0
DA:162,0
DA:165,0
DA:166,0
DA:173,0
DA:174,0
DA:175,0
DA:176,0
DA:177,0
DA:179,0
DA:180,0
DA:182,0
DA:183,0
DA:184,0
DA:187,0
DA:188,0
DA:189,0
DA:190,0
DA:193,0
DA:195,0
DA:200,0
DA:201,0
DA:203,0
DA:205,0
DA:206,0
DA:210,0
DA:211,0
DA:212,0
DA:214,0
DA:218,0
DA:220,0
LF:100
LH:0
BRDA:8,0,0,0
BRDA:8,0,1,0
BRDA:12,1,0,0
BRDA:12,1,1,0
BRDA:12,1,2,0
BRDA:16,2,0,0
BRDA:16,2,1,0
BRDA:18,3,0,0
BRDA:18,3,1,0
BRDA:21,4,0,0
BRDA:21,4,1,0
BRDA:25,5,0,0
BRDA:25,5,1,0
BRDA:40,6,0,0
BRDA:40,6,1,0
BRDA:62,7,0,0
BRDA:62,7,1,0
BRDA:81,8,0,0
BRDA:81,8,1,0
BRDA:81,9,0,0
BRDA:81,9,1,0
BRDA:87,10,0,0
BRDA:87,10,1,0
BRDA:94,11,0,0
BRDA:94,11,1,0
BRDA:107,12,0,0
BRDA:107,12,1,0
BRDA:109,13,0,0
BRDA:109,13,1,0
BRDA:111,14,0,0
BRDA:111,14,1,0
BRDA:116,15,0,0
BRDA:116,15,1,0
BRDA:117,16,0,0
BRDA:117,16,1,0
BRDA:135,17,0,0
BRDA:135,17,1,0
BRDA:152,18,0,0
BRDA:152,18,1,0
BRDA:153,19,0,0
BRDA:153,19,1,0
BRDA:155,20,0,0
BRDA:155,20,1,0
BRDA:159,21,0,0
BRDA:159,21,1,0
BRDA:168,22,0,0
BRDA:168,22,1,0
BRDA:182,23,0,0
BRDA:182,23,1,0
BRDA:182,24,0,0
BRDA:182,24,1,0
BRDA:188,25,0,0
BRDA:188,25,1,0
BRF:53
BRH:0
end_of_record
TN:
SF:controllers/invoiceController.js
FN:6,(anonymous_0)
FN:24,(anonymous_1)
FN:38,(anonymous_2)
FN:59,(anonymous_3)
FN:80,(anonymous_4)
FN:100,(anonymous_5)
FN:116,(anonymous_6)
FN:171,(anonymous_7)
FN:191,(anonymous_8)
FN:221,(anonymous_9)
FNF:10
FNH:0
FNDA:0,(anonymous_0)
FNDA:0,(anonymous_1)
FNDA:0,(anonymous_2)
FNDA:0,(anonymous_3)
FNDA:0,(anonymous_4)
FNDA:0,(anonymous_5)
FNDA:0,(anonymous_6)
FNDA:0,(anonymous_7)
FNDA:0,(anonymous_8)
FNDA:0,(anonymous_9)
DA:6,0
DA:7,0
DA:9,0
DA:17,0
DA:24,0
DA:30,0
DA:38,0
DA:39,0
DA:40,0
DA:41,0
DA:43,0
DA:44,0
DA:50,0
DA:51,0
DA:54,0
DA:59,0
DA:60,0
DA:61,0
DA:62,0
DA:64,0
DA:65,0
DA:71,0
DA:72,0
DA:75,0
DA:80,0
DA:81,0
DA:82,0
DA:84,0
DA:85,0
DA:91,0
DA:92,0
DA:95,0
DA:100,0
DA:101,0
DA:102,0
DA:103,0
DA:105,0
DA:106,0
DA:108,0
DA:111,0
DA:116,0
DA:117,0
DA:118,0
DA:119,0
DA:121,0
DA:122,0
DA:123,0
DA:124,0
DA:129,0
DA:131,0
DA:155,0
DA:163,0
DA:166,0
DA:171,0
DA:172,0
DA:173,0
DA:175,0
DA:176,0
DA:178,0
DA:180,0
DA:181,0
DA:184,0
DA:185,0
DA:189,0
DA:191,0
DA:195,0
DA:202,0
DA:204,0
DA:216,0
DA:221,0
DA:222,0
DA:223,0
DA:224,0
DA:226,0
DA:227,0
DA:233,0
DA:234,0
DA:240,0
DA:242,0
DA:243,0
DA:244,0
DA:251,0
DA:252,0
DA:255,0
DA:256,0
DA:257,0
DA:258,0
DA:259,0
DA:260,0
DA:261,0
DA:262,0
DA:263,0
DA:264,0
DA:267,0
DA:270,0
DA:271,0
DA:273,0
DA:276,0
DA:277,0
DA:278,0
DA:280,0
DA:282,0
DA:283,0
DA:284,0
DA:285,0
DA:287,0
DA:288,0
DA:290,0
DA:291,0
DA:294,0
DA:295,0
DA:300,0
LF:112
LH:0
BRDA:6,0,0,0
BRDA:9,1,0,0
BRDA:9,1,1,0
BRDA:11,2,0,0
BRDA:11,2,1,0
BRDA:13,3,0,0
BRDA:13,3,1,0
BRDA:19,4,0,0
BRDA:19,4,1,0
BRDA:27,5,0,0
BRDA:28,6,0,0
BRDA:43,7,0,0
BRDA:43,7,1,0
BRDA:64,8,0,0
BRDA:64,8,1,0
BRDA:84,9,0,0
BRDA:84,9,1,0
BRDA:105,10,0,0
BRDA:105,10,1,0
BRDA:105,11,0,0
BRDA:105,11,1,0
BRDA:118,12,0,0
BRDA:121,13,0,0
BRDA:121,13,1,0
BRDA:155,14,0,0
BRDA:155,14,1,0
BRDA:173,15,0,0
BRDA:173,16,0,0
BRDA:180,17,0,0
BRDA:180,17,1,0
BRDA:184,18,0,0
BRDA:184,18,1,0
BRDA:226,19,0,0
BRDA:226,19,1,0
BRDA:233,20,0,0
BRDA:233,20,1,0
BRDA:243,21,0,0
BRDA:243,21,1,0
BRDA:255,22,0,0
BRDA:255,22,1,0
BRDA:258,23,0,0
BRDA:258,23,1,0
BRDA:261,24,0,0
BRDA:261,24,1,0
BRDA:263,25,0,0
BRDA:263,25,1,0
BRDA:276,26,0,0
BRDA:276,26,1,0
BRDA:280,27,0,0
BRDA:280,27,1,0
BRDA:282,28,0,0
BRDA:282,28,1,0
BRDA:285,29,0,0
BRDA:285,29,1,0
BRDA:287,30,0,0
BRDA:287,30,1,0
BRDA:288,31,0,0
BRDA:288,31,1,0
BRDA:290,32,0,0
BRDA:290,32,1,0
BRF:60
BRH:0
end_of_record
TN:
SF:controllers/keyCardController.js
FN:4,(anonymous_0)
FN:15,(anonymous_1)
FN:36,(anonymous_2)
FN:46,(anonymous_3)
FN:85,(anonymous_4)
FN:108,(anonymous_5)
FN:123,(anonymous_6)
FN:138,(anonymous_7)
FN:178,(anonymous_8)
FN:189,(anonymous_9)
FNF:10
FNH:0
FNDA:0,(anonymous_0)
FNDA:0,(anonymous_1)
FNDA:0,(anonymous_2)
FNDA:0,(anonymous_3)
FNDA:0,(anonymous_4)
FNDA:0,(anonymous_5)
FNDA:0,(anonymous_6)
FNDA:0,(anonymous_7)
FNDA:0,(anonymous_8)
FNDA:0,(anonymous_9)
DA:4,0
DA:5,0
DA:6,0
DA:7,0
DA:8,0
DA:9,0
DA:11,0
DA:15,0
DA:16,0
DA:17,0
DA:18,0
DA:19,0
DA:20,0
DA:21,0
DA:23,0
DA:24,0
DA:25,0
DA:26,0
DA:27,0
DA:28,0
DA:29,0
DA:31,0
DA:36,0
DA:37,0
DA:38,0
DA:39,0
DA:41,0
DA:46,0
DA:47,0
DA:48,0
DA:49,0
DA:51,0
DA:52,0
DA:53,0
DA:56,0
DA:57,0
DA:61,0
DA:62,0
DA:63,0
DA:64,0
DA:67,0
DA:68,0
DA:70,0
DA:71,0
DA:72,0
DA:73,0
DA:77,0
DA:78,0
DA:80,0
DA:85,0
DA:86,0
DA:87,0
DA:89,0
DA:90,0
DA:91,0
DA:95,0
DA:96,0
DA:97,0
DA:98,0
DA:99,0
DA:101,0
DA:102,0
DA:104,0
DA:108,0
DA:109,0
DA:110,0
DA:111,0
DA:112,0
DA:113,0
DA:115,0
DA:116,0
DA:117,0
DA:119,0
DA:123,0
DA:124,0
DA:125,0
DA:126,0
DA:127,0
DA:128,0
DA:130,0
DA:131,0
DA:132,0
DA:134,0
DA:138,0
DA:139,0
DA:140,0
DA:141,0
DA:143,0
DA:144,0
DA:147,0
DA:148,0
DA:149,0
DA:153,0
DA:156,0
DA:157,0
DA:158,0
DA:159,0
DA:160,0
DA:164,0
DA:165,0
DA:166,0
DA:167,0
DA:168,0
DA:170,0
DA:172,0
DA:174,0
DA:178,0
DA:179,0
DA:180,0
DA:183,0
DA:185,0
DA:189,0
DA:190,0
DA:191,0
DA:192,0
DA:197,0
DA:198,0
DA:202,0
DA:203,0
DA:204,0
DA:210,0
DA:211,0
DA:220,0
DA:225,0
DA:227,0
LF:125
LH:0
BRDA:20,0,0,0
BRDA:20,0,1,0
BRDA:52,1,0,0
BRDA:52,1,1,0
BRDA:56,2,0,0
BRDA:56,2,1,0
BRDA:68,3,0,0
BRDA:68,3,1,0
BRDA:68,4,0,0
BRDA:68,4,1,0
BRDA:72,5,0,0
BRDA:72,5,1,0
BRDA:90,6,0,0
BRDA:90,6,1,0
BRDA:112,7,0,0
BRDA:112,7,1,0
BRDA:127,8,0,0
BRDA:127,8,1,0
BRDA:143,9,0,0
BRDA:143,9,1,0
BRDA:148,10,0,0
BRDA:148,10,1,0
BRDA:156,11,0,0
BRDA:156,11,1,0
BRDA:156,12,0,0
BRDA:156,12,1,0
BRDA:168,13,0,0
BRDA:168,13,1,0
BRDA:197,14,0,0
BRDA:197,14,1,0
BRDA:203,15,0,0
BRDA:203,15,1,0
BRDA:203,16,0,0
BRDA:203,16,1,0
BRDA:210,17,0,0
BRDA:210,17,1,0
BRF:36
BRH:0
end_of_record
TN:
SF:controllers/menuController.js
FN:57,(anonymous_0)
FN:143,parseMenuItemsFromText
FN:144,(anonymous_2)
FN:181,(anonymous_3)
FN:233,(anonymous_4)
FN:242,(anonymous_5)
FN:254,(anonymous_6)
FN:294,(anonymous_7)
FN:340,(anonymous_8)
FN:343,(anonymous_9)
FN:350,(anonymous_10)
FN:462,(anonymous_11)
FN:465,(anonymous_12)
FN:472,(anonymous_13)
FN:512,(anonymous_14)
FN:581,(anonymous_15)
FN:640,(anonymous_16)
FN:653,(anonymous_17)
FN:667,(anonymous_18)
FN:684,(anonymous_19)
FN:712,(anonymous_20)
FN:886,(anonymous_21)
FN:946,(anonymous_22)
FN:1018,(anonymous_23)
FNF:24
FNH:0
FNDA:0,(anonymous_0)
FNDA:0,parseMenuItemsFromText
FNDA:0,(anonymous_2)
FNDA:0,(anonymous_3)
FNDA:0,(anonymous_4)
FNDA:0,(anonymous_5)
FNDA:0,(anonymous_6)
FNDA:0,(anonymous_7)
FNDA:0,(anonymous_8)
FNDA:0,(anonymous_9)
FNDA:0,(anonymous_10)
FNDA:0,(anonymous_11)
FNDA:0,(anonymous_12)
FNDA:0,(anonymous_13)
FNDA:0,(anonymous_14)
FNDA:0,(anonymous_15)
FNDA:0,(anonymous_16)
FNDA:0,(anonymous_17)
FNDA:0,(anonymous_18)
FNDA:0,(anonymous_19)
FNDA:0,(anonymous_20)
FNDA:0,(anonymous_21)
FNDA:0,(anonymous_22)
FNDA:0,(anonymous_23)
DA:12,0
DA:13,0
DA:18,0
DA:19,0
DA:20,0
DA:22,0
DA:25,0
DA:26,0
DA:28,0
DA:29,0
DA:32,0
DA:37,0
DA:42,0
DA:43,0
DA:44,0
DA:47,0
DA:49,0
DA:50,0
DA:53,0
DA:57,0
DA:58,0
DA:59,0
DA:60,0
DA:63,0
DA:64,0
DA:70,0
DA:73,0
DA:74,0
DA:76,0
DA:85,0
DA:86,0
DA:89,0
DA:90,0
DA:93,0
DA:94,0
DA:96,0
DA:97,0
DA:99,0
DA:102,0
DA:110,0
DA:115,0
DA:118,0
DA:121,0
DA:123,0
DA:133,0
DA:134,0
DA:144,0
DA:145,0
DA:148,0
DA:149,0
DA:150,0
DA:151,0
DA:153,0
DA:155,0
DA:156,0
DA:159,0
DA:160,0
DA:161,0
DA:162,0
DA:166,0
DA:167,0
DA:168,0
DA:169,0
DA:170,0
DA:172,0
DA:174,0
DA:175,0
DA:178,0
DA:179,0
DA:180,0
DA:181,0
DA:185,0
DA:186,0
DA:188,0
DA:211,0
DA:233,0
DA:234,0
DA:235,0
DA:237,0
DA:238,0
DA:242,0
DA:243,0
DA:247,0
DA:248,0
DA:254,0
DA:255,0
DA:257,0
DA:266,0
DA:267,0
DA:270,0
DA:272,0
DA:276,0
DA:278,0
DA:285,0
DA:286,0
DA:294,0
DA:295,0
DA:296,0
DA:298,0
DA:300,0
DA:301,0
DA:307,0
DA:310,0
DA:312,0
DA:335,0
DA:338,0
DA:339,0
DA:340,0
DA:341,0
DA:342,0
DA:343,0
DA:344,0
DA:349,0
DA:350,0
DA:352,0
DA:353,0
DA:354,0
DA:355,0
DA:361,0
DA:364,0
DA:373,0
DA:457,0
DA:460,0
DA:461,0
DA:462,0
DA:463,0
DA:464,0
DA:465,0
DA:466,0
DA:471,0
DA:472,0
DA:474,0
DA:475,0
DA:476,0
DA:477,0
DA:483,0
DA:486,0
DA:493,0
DA:500,0
DA:512,0
DA:513,0
DA:515,0
DA:516,0
DA:523,0
DA:524,0
DA:526,0
DA:527,0
DA:530,0
DA:531,0
DA:534,0
DA:535,0
DA:538,0
DA:539,0
DA:540,0
DA:544,0
DA:545,0
DA:546,0
DA:549,0
DA:555,0
DA:556,0
DA:558,0
DA:559,0
DA:561,0
DA:563,0
DA:565,0
DA:567,0
DA:570,0
DA:571,0
DA:581,0
DA:582,0
DA:583,0
DA:586,0
DA:587,0
DA:590,0
DA:591,0
DA:595,0
DA:596,0
DA:597,0
DA:601,0
DA:602,0
DA:605,0
DA:608,0
DA:609,0
DA:610,0
DA:613,0
DA:614,0
DA:620,0
DA:621,0
DA:623,0
DA:624,0
DA:626,0
DA:628,0
DA:630,0
DA:636,0
DA:640,0
DA:641,0
DA:642,0
DA:649,0
DA:653,0
DA:654,0
DA:656,0
DA:659,0
DA:666,0
DA:667,0
DA:669,0
DA:670,0
DA:671,0
DA:672,0
DA:675,0
DA:680,0
DA:684,0
DA:685,0
DA:687,0
DA:689,0
DA:690,0
DA:692,0
DA:693,0
DA:695,0
DA:696,0
DA:698,0
DA:700,0
DA:701,0
DA:702,0
DA:703,0
DA:708,0
DA:712,0
DA:713,0
DA:715,0
DA:717,0
DA:718,0
DA:719,0
DA:722,0
DA:723,0
DA:725,0
DA:726,0
DA:727,0
DA:729,0
DA:731,0
DA:733,0
DA:734,0
DA:736,0
DA:741,0
DA:742,0
DA:743,0
DA:748,0
DA:749,0
DA:756,0
DA:758,0
DA:793,0
DA:807,0
DA:810,0
DA:811,0
DA:815,0
DA:816,0
DA:817,0
DA:821,0
DA:822,0
DA:823,0
DA:826,0
DA:827,0
DA:828,0
DA:831,0
DA:834,0
DA:837,0
DA:846,0
DA:847,0
DA:850,0
DA:862,0
DA:865,0
DA:866,0
DA:870,0
DA:871,0
DA:874,0
DA:877,0
DA:886,0
DA:887,0
DA:888,0
DA:891,0
DA:893,0
DA:894,0
DA:895,0
DA:902,0
DA:909,0
DA:911,0
DA:918,0
DA:920,0
DA:923,0
DA:926,0
DA:927,0
DA:928,0
DA:931,0
DA:937,0
DA:938,0
DA:946,0
DA:947,0
DA:948,0
DA:949,0
DA:952,0
DA:954,0
DA:955,0
DA:956,0
DA:963,0
DA:970,0
DA:972,0
DA:979,0
DA:981,0
DA:984,0
DA:990,0
DA:991,0
DA:998,0
DA:999,0
DA:1000,0
DA:1003,0
DA:1009,0
DA:1010,0
DA:1018,0
DA:1019,0
DA:1020,0
DA:1021,0
DA:1023,0
DA:1024,0
DA:1030,0
DA:1031,0
DA:1032,0
DA:1033,0
DA:1035,0
DA:1036,0
LF:327
LH:0
BRDA:22,0,0,0
BRDA:22,0,1,0
BRDA:22,1,0,0
BRDA:22,1,1,0
BRDA:43,2,0,0
BRDA:43,2,1,0
BRDA:59,3,0,0
BRDA:59,3,1,0
BRDA:63,4,0,0
BRDA:63,4,1,0
BRDA:63,5,0,0
BRDA:63,5,1,0
BRDA:90,6,0,0
BRDA:90,6,1,0
BRDA:96,7,0,0
BRDA:96,7,1,0
BRDA:118,8,0,0
BRDA:118,8,1,0
BRDA:127,9,0,0
BRDA:127,9,1,0
BRDA:129,10,0,0
BRDA:129,10,1,0
BRDA:160,11,0,0
BRDA:160,11,1,0
BRDA:160,12,0,0
BRDA:160,12,1,0
BRDA:167,13,0,0
BRDA:167,13,1,0
BRDA:172,14,0,0
BRDA:172,14,1,0
BRDA:174,15,0,0
BRDA:174,15,1,0
BRDA:175,16,0,0
BRDA:175,16,1,0
BRDA:180,17,0,0
BRDA:180,17,1,0
BRDA:186,18,0,0
BRDA:186,18,1,0
BRDA:191,19,0,0
BRDA:191,19,1,0
BRDA:211,20,0,0
BRDA:211,20,1,0
BRDA:237,21,0,0
BRDA:237,21,1,0
BRDA:237,22,0,0
BRDA:237,22,1,0
BRDA:237,22,2,0
BRDA:243,23,0,0
BRDA:243,23,1,0
BRDA:243,23,2,0
BRDA:247,24,0,0
BRDA:247,24,1,0
BRDA:255,25,0,0
BRDA:255,25,1,0
BRDA:266,26,0,0
BRDA:266,26,1,0
BRDA:300,27,0,0
BRDA:300,27,1,0
BRDA:307,28,0,0
BRDA:307,28,1,0
BRDA:310,29,0,0
BRDA:310,29,1,0
BRDA:335,30,0,0
BRDA:335,30,1,0
BRDA:339,31,0,0
BRDA:339,31,1,0
BRDA:339,32,0,0
BRDA:339,32,1,0
BRDA:341,33,0,0
BRDA:341,33,1,0
BRDA:341,34,0,0
BRDA:341,34,1,0
BRDA:342,35,0,0
BRDA:342,35,1,0
BRDA:342,36,0,0
BRDA:342,36,1,0
BRDA:343,37,0,0
BRDA:343,37,1,0
BRDA:343,38,0,0
BRDA:343,38,1,0
BRDA:343,39,0,0
BRDA:343,39,1,0
BRDA:457,40,0,0
BRDA:457,40,1,0
BRDA:461,41,0,0
BRDA:461,41,1,0
BRDA:461,42,0,0
BRDA:461,42,1,0
BRDA:463,43,0,0
BRDA:463,43,1,0
BRDA:463,44,0,0
BRDA:463,44,1,0
BRDA:464,45,0,0
BRDA:464,45,1,0
BRDA:464,46,0,0
BRDA:464,46,1,0
BRDA:465,47,0,0
BRDA:465,47,1,0
BRDA:465,48,0,0
BRDA:465,48,1,0
BRDA:465,49,0,0
BRDA:465,49,1,0
BRDA:504,50,0,0
BRDA:504,50,1,0
BRDA:513,51,0,0
BRDA:513,51,1,0
BRDA:523,52,0,0
BRDA:523,52,1,0
BRDA:530,53,0,0
BRDA:530,53,1,0
BRDA:530,54,0,0
BRDA:530,54,1,0
BRDA:539,55,0,0
BRDA:539,55,1,0
BRDA:545,56,0,0
BRDA:545,56,1,0
BRDA:545,57,0,0
BRDA:545,57,1,0
BRDA:552,58,0,0
BRDA:552,58,1,0
BRDA:555,59,0,0
BRDA:555,59,1,0
BRDA:558,60,0,0
BRDA:558,60,1,0
BRDA:563,61,0,0
BRDA:563,61,1,0
BRDA:586,62,0,0
BRDA:586,62,1,0
BRDA:590,63,0,0
BRDA:590,63,1,0
BRDA:596,64,0,0
BRDA:596,64,1,0
BRDA:601,65,0,0
BRDA:601,65,1,0
BRDA:609,66,0,0
BRDA:609,66,1,0
BRDA:613,67,0,0
BRDA:613,67,1,0
BRDA:620,68,0,0
BRDA:620,68,1,0
BRDA:623,69,0,0
BRDA:623,69,1,0
BRDA:623,70,0,0
BRDA:623,70,1,0
BRDA:628,71,0,0
BRDA:628,71,1,0
BRDA:649,72,0,0
BRDA:649,72,1,0
BRDA:654,73,0,0
BRDA:654,73,1,0
BRDA:667,74,0,0
BRDA:667,74,1,0
BRDA:669,75,0,0
BRDA:669,75,1,0
BRDA:669,76,0,0
BRDA:669,76,1,0
BRDA:671,77,0,0
BRDA:671,77,1,0
BRDA:685,78,0,0
BRDA:685,78,1,0
BRDA:689,79,0,0
BRDA:689,79,1,0
BRDA:689,80,0,0
BRDA:689,80,1,0
BRDA:689,80,2,0
BRDA:692,81,0,0
BRDA:692,81,1,0
BRDA:692,82,0,0
BRDA:692,82,1,0
BRDA:692,82,2,0
BRDA:692,82,3,0
BRDA:695,83,0,0
BRDA:695,83,1,0
BRDA:695,84,0,0
BRDA:695,84,1,0
BRDA:695,84,2,0
BRDA:695,84,3,0
BRDA:698,85,0,0
BRDA:698,85,1,0
BRDA:698,86,0,0
BRDA:698,86,1,0
BRDA:698,86,2,0
BRDA:698,86,3,0
BRDA:700,87,0,0
BRDA:700,87,1,0
BRDA:702,88,0,0
BRDA:702,88,1,0
BRDA:719,89,0,0
BRDA:719,89,1,0
BRDA:723,90,0,0
BRDA:723,90,1,0
BRDA:725,91,0,0
BRDA:725,91,1,0
BRDA:727,92,0,0
BRDA:727,92,1,0
BRDA:731,93,0,0
BRDA:731,93,1,0
BRDA:733,94,0,0
BRDA:733,94,1,0
BRDA:742,95,0,0
BRDA:742,95,1,0
BRDA:748,96,0,0
BRDA:748,96,1,0
BRDA:756,97,0,0
BRDA:756,97,1,0
BRDA:799,98,0,0
BRDA:799,98,1,0
BRDA:810,99,0,0
BRDA:810,99,1,0
BRDA:816,100,0,0
BRDA:816,100,1,0
BRDA:827,101,0,0
BRDA:827,101,1,0
BRDA:846,102,0,0
BRDA:846,102,1,0
BRDA:856,103,0,0
BRDA:856,103,1,0
BRDA:865,104,0,0
BRDA:865,104,1,0
BRDA:865,105,0,0
BRDA:865,105,1,0
BRDA:870,106,0,0
BRDA:870,106,1,0
BRDA:870,107,0,0
BRDA:870,107,1,0
BRDA:874,108,0,0
BRDA:874,108,1,0
BRDA:875,109,0,0
BRDA:875,109,1,0
BRDA:875,110,0,0
BRDA:875,110,1,0
BRDA:891,111,0,0
BRDA:891,111,1,0
BRDA:894,112,0,0
BRDA:894,112,1,0
BRDA:918,113,0,0
BRDA:918,113,1,0
BRDA:927,114,0,0
BRDA:927,114,1,0
BRDA:927,115,0,0
BRDA:927,115,1,0
BRDA:952,116,0,0
BRDA:952,116,1,0
BRDA:955,117,0,0
BRDA:955,117,1,0
BRDA:979,118,0,0
BRDA:979,118,1,0
BRDA:990,119,0,0
BRDA:990,119,1,0
BRDA:999,120,0,0
BRDA:999,120,1,0
BRDA:999,121,0,0
BRDA:999,121,1,0
BRDA:1023,122,0,0
BRDA:1023,122,1,0
BRDA:1023,123,0,0
BRDA:1023,123,1,0
BRDA:1023,123,2,0
BRF:258
BRH:0
end_of_record
TN:
SF:controllers/menuExtractionController.js
FN:19,isImageUrl
FN:26,(anonymous_1)
FN:47,(anonymous_2)
FN:86,(anonymous_3)
FN:94,(anonymous_4)
FN:213,(anonymous_5)
FN:214,(anonymous_6)
FN:274,(anonymous_7)
FN:275,(anonymous_8)
FN:381,(anonymous_9)
FN:382,(anonymous_10)
FN:475,(anonymous_11)
FN:506,(anonymous_12)
FN:542,(anonymous_13)
FN:562,(anonymous_14)
FN:593,(anonymous_15)
FN:642,(anonymous_16)
FN:680,(anonymous_17)
FN:703,(anonymous_18)
FN:760,(anonymous_19)
FNF:20
FNH:0
FNDA:0,isImageUrl
FNDA:0,(anonymous_1)
FNDA:0,(anonymous_2)
FNDA:0,(anonymous_3)
FNDA:0,(anonymous_4)
FNDA:0,(anonymous_5)
FNDA:0,(anonymous_6)
FNDA:0,(anonymous_7)
FNDA:0,(anonymous_8)
FNDA:0,(anonymous_9)
FNDA:0,(anonymous_10)
FNDA:0,(anonymous_11)
FNDA:0,(anonymous_12)
FNDA:0,(anonymous_13)
FNDA:0,(anonymous_14)
FNDA:0,(anonymous_15)
FNDA:0,(anonymous_16)
FNDA:0,(anonymous_17)
FNDA:0,(anonymous_18)
FNDA:0,(anonymous_19)
DA:11,0
DA:12,0
DA:20,0
DA:21,0
DA:23,0
DA:24,0
DA:26,0
DA:27,0
DA:28,0
DA:32,0
DA:33,0
DA:34,0
DA:36,0
DA:45,0
DA:46,0
DA:47,0
DA:48,0
DA:49,0
DA:53,0
DA:54,0
DA:55,0
DA:56,0
DA:57,0
DA:60,0
DA:65,0
DA:72,0
DA:73,0
DA:76,0
DA:78,0
DA:86,0
DA:87,0
DA:88,0
DA:89,0
DA:90,0
DA:91,0
DA:92,0
DA:93,0
DA:94,0
DA:95,0
DA:100,0
DA:101,0
DA:103,0
DA:104,0
DA:105,0
DA:108,0
DA:109,0
DA:110,0
DA:112,0
DA:115,0
DA:116,0
DA:126,0
DA:129,0
DA:141,0
DA:143,0
DA:144,0
DA:145,0
DA:146,0
DA:147,0
DA:149,0
DA:155,0
DA:156,0
DA:158,0
DA:160,0
DA:161,0
DA:165,0
DA:166,0
DA:167,0
DA:169,0
DA:171,0
DA:172,0
DA:175,0
DA:177,0
DA:178,0
DA:179,0
DA:180,0
DA:181,0
DA:183,0
DA:185,0
DA:189,0
DA:190,0
DA:192,0
DA:193,0
DA:206,0
DA:207,0
DA:208,0
DA:212,0
DA:213,0
DA:214,0
DA:215,0
DA:216,0
DA:223,0
DA:225,0
DA:226,0
DA:227,0
DA:228,0
DA:241,0
DA:243,0
DA:244,0
DA:245,0
DA:247,0
DA:249,0
DA:250,0
DA:257,0
DA:258,0
DA:259,0
DA:260,0
DA:263,0
DA:264,0
DA:267,0
DA:268,0
DA:269,0
DA:274,0
DA:275,0
DA:276,0
DA:277,0
DA:282,0
DA:287,0
DA:288,0
DA:295,0
DA:297,0
DA:298,0
DA:299,0
DA:301,0
DA:303,0
DA:304,0
DA:305,0
DA:306,0
DA:308,0
DA:309,0
DA:310,0
DA:311,0
DA:312,0
DA:315,0
DA:320,0
DA:322,0
DA:323,0
DA:326,0
DA:327,0
DA:335,0
DA:336,0
DA:339,0
DA:340,0
DA:341,0
DA:342,0
DA:347,0
DA:348,0
DA:350,0
DA:352,0
DA:356,0
DA:357,0
DA:358,0
DA:359,0
DA:361,0
DA:362,0
DA:365,0
DA:367,0
DA:368,0
DA:369,0
DA:370,0
DA:371,0
DA:373,0
DA:375,0
DA:379,0
DA:380,0
DA:381,0
DA:382,0
DA:383,0
DA:384,0
DA:385,0
DA:390,0
DA:395,0
DA:396,0
DA:397,0
DA:398,0
DA:399,0
DA:400,0
DA:403,0
DA:407,0
DA:409,0
DA:410,0
DA:411,0
DA:412,0
DA:413,0
DA:417,0
DA:424,0
DA:425,0
DA:435,0
DA:439,0
DA:440,0
DA:441,0
DA:443,0
DA:445,0
DA:446,0
DA:447,0
DA:449,0
DA:452,0
DA:459,0
DA:462,0
DA:463,0
DA:475,0
DA:476,0
DA:477,0
DA:479,0
DA:480,0
DA:481,0
DA:487,0
DA:493,0
DA:494,0
DA:506,0
DA:507,0
DA:508,0
DA:511,0
DA:512,0
DA:513,0
DA:521,0
DA:522,0
DA:525,0
DA:526,0
DA:528,0
DA:530,0
DA:538,0
DA:541,0
DA:542,0
DA:543,0
DA:550,0
DA:562,0
DA:563,0
DA:564,0
DA:566,0
DA:567,0
DA:568,0
DA:574,0
DA:580,0
DA:581,0
DA:593,0
DA:594,0
DA:595,0
DA:598,0
DA:599,0
DA:600,0
DA:607,0
DA:609,0
DA:611,0
DA:614,0
DA:617,0
DA:625,0
DA:629,0
DA:630,0
DA:642,0
DA:643,0
DA:651,0
DA:654,0
DA:655,0
DA:656,0
DA:658,0
DA:659,0
DA:661,0
DA:662,0
DA:666,0
DA:667,0
DA:670,0
DA:676,0
DA:678,0
DA:680,0
DA:690,0
DA:691,0
DA:703,0
DA:704,0
DA:705,0
DA:707,0
DA:708,0
DA:709,0
DA:716,0
DA:717,0
DA:724,0
DA:725,0
DA:726,0
DA:727,0
DA:728,0
DA:733,0
DA:737,0
DA:739,0
DA:741,0
DA:747,0
DA:748,0
DA:760,0
DA:761,0
DA:762,0
DA:763,0
DA:764,0
DA:767,0
DA:792,0
DA:794,0
DA:808,0
DA:809,0
LF:295
LH:0
BRDA:26,0,0,0
BRDA:26,0,1,0
BRDA:32,1,0,0
BRDA:32,1,1,0
BRDA:32,2,0,0
BRDA:32,2,1,0
BRDA:45,3,0,0
BRDA:45,3,1,0
BRDA:47,4,0,0
BRDA:47,4,1,0
BRDA:55,5,0,0
BRDA:55,5,1,0
BRDA:55,6,0,0
BRDA:55,6,1,0
BRDA:73,7,0,0
BRDA:73,7,1,0
BRDA:90,8,0,0
BRDA:90,8,1,0
BRDA:92,9,0,0
BRDA:92,9,1,0
BRDA:93,10,0,0
BRDA:93,10,1,0
BRDA:101,11,0,0
BRDA:101,11,1,0
BRDA:103,12,0,0
BRDA:103,12,1,0
BRDA:104,13,0,0
BRDA:104,13,1,0
BRDA:105,14,0,0
BRDA:105,14,1,0
BRDA:109,15,0,0
BRDA:109,15,1,0
BRDA:110,16,0,0
BRDA:110,16,1,0
BRDA:115,17,0,0
BRDA:115,17,1,0
BRDA:141,18,0,0
BRDA:141,18,1,0
BRDA:160,19,0,0
BRDA:160,19,1,0
BRDA:160,20,0,0
BRDA:160,20,1,0
BRDA:166,21,0,0
BRDA:166,21,1,0
BRDA:171,22,0,0
BRDA:171,22,1,0
BRDA:212,23,0,0
BRDA:212,23,1,0
BRDA:212,24,0,0
BRDA:212,24,1,0
BRDA:215,25,0,0
BRDA:215,25,1,0
BRDA:241,26,0,0
BRDA:241,26,1,0
BRDA:249,27,0,0
BRDA:249,27,1,0
BRDA:267,28,0,0
BRDA:267,28,1,0
BRDA:276,29,0,0
BRDA:276,29,1,0
BRDA:295,30,0,0
BRDA:295,30,1,0
BRDA:304,31,0,0
BRDA:304,31,1,0
BRDA:304,32,0,0
BRDA:304,32,1,0
BRDA:304,32,2,0
BRDA:309,33,0,0
BRDA:309,33,1,0
BRDA:310,34,0,0
BRDA:310,34,1,0
BRDA:322,35,0,0
BRDA:322,35,1,0
BRDA:336,36,0,0
BRDA:336,36,1,0
BRDA:357,37,0,0
BRDA:357,37,1,0
BRDA:361,38,0,0
BRDA:361,38,1,0
BRDA:379,39,0,0
BRDA:379,39,1,0
BRDA:379,40,0,0
BRDA:379,40,1,0
BRDA:383,41,0,0
BRDA:383,41,1,0
BRDA:431,42,0,0
BRDA:431,42,1,0
BRDA:431,43,0,0
BRDA:431,43,1,0
BRDA:432,44,0,0
BRDA:432,44,1,0
BRDA:446,45,0,0
BRDA:446,45,1,0
BRDA:480,46,0,0
BRDA:480,46,1,0
BRDA:512,47,0,0
BRDA:512,47,1,0
BRDA:521,48,0,0
BRDA:521,48,1,0
BRDA:541,49,0,0
BRDA:541,49,1,0
BRDA:567,50,0,0
BRDA:567,50,1,0
BRDA:599,51,0,0
BRDA:599,51,1,0
BRDA:609,52,0,0
BRDA:609,52,1,0
BRDA:645,53,0,0
BRDA:646,54,0,0
BRDA:649,55,0,0
BRDA:650,56,0,0
BRDA:655,57,0,0
BRDA:655,57,1,0
BRDA:658,58,0,0
BRDA:658,58,1,0
BRDA:661,59,0,0
BRDA:661,59,1,0
BRDA:667,60,0,0
BRDA:667,60,1,0
BRDA:708,61,0,0
BRDA:708,61,1,0
BRDA:716,62,0,0
BRDA:716,62,1,0
BRDA:716,63,0,0
BRDA:716,63,1,0
BRDA:716,63,2,0
BRDA:727,64,0,0
BRDA:727,64,1,0
BRDA:763,65,0,0
BRDA:763,65,1,0
BRDA:796,66,0,0
BRDA:796,66,1,0
BRF:132
BRH:0
end_of_record
TN:
SF:controllers/menuSelectionController.js
FN:11,(anonymous_0)
FN:54,(anonymous_1)
FN:132,(anonymous_2)
FN:151,(anonymous_3)
FN:166,(anonymous_4)
FN:169,(anonymous_5)
FN:187,(anonymous_6)
FN:204,(anonymous_7)
FN:214,(anonymous_8)
FN:241,(anonymous_9)
FN:259,(anonymous_10)
FN:326,(anonymous_11)
FN:328,(anonymous_12)
FN:354,(anonymous_13)
FN:383,(anonymous_14)
FNF:15
FNH:0
FNDA:0,(anonymous_0)
FNDA:0,(anonymous_1)
FNDA:0,(anonymous_2)
FNDA:0,(anonymous_3)
FNDA:0,(anonymous_4)
FNDA:0,(anonymous_5)
FNDA:0,(anonymous_6)
FNDA:0,(anonymous_7)
FNDA:0,(anonymous_8)
FNDA:0,(anonymous_9)
FNDA:0,(anonymous_10)
FNDA:0,(anonymous_11)
FNDA:0,(anonymous_12)
FNDA:0,(anonymous_13)
FNDA:0,(anonymous_14)
DA:11,0
DA:12,0
DA:13,0
DA:15,0
DA:18,0
DA:19,0
DA:20,0
DA:23,0
DA:24,0
DA:25,0
DA:28,0
DA:29,0
DA:30,0
DA:33,0
DA:35,0
DA:37,0
DA:38,0
DA:39,0
DA:42,0
DA:44,0
DA:45,0
DA:48,0
DA:49,0
DA:51,0
DA:54,0
DA:55,0
DA:56,0
DA:57,0
DA:61,0
DA:62,0
DA:63,0
DA:64,0
DA:67,0
DA:71,0
DA:73,0
DA:74,0
DA:75,0
DA:77,0
DA:78,0
DA:80,0
DA:81,0
DA:82,0
DA:87,0
DA:88,0
DA:90,0
DA:91,0
DA:94,0
DA:98,0
DA:116,0
DA:119,0
DA:120,0
DA:122,0
DA:125,0
DA:127,0
DA:132,0
DA:142,0
DA:143,0
DA:151,0
DA:152,0
DA:154,0
DA:155,0
DA:156,0
DA:160,0
DA:162,0
DA:166,0
DA:169,0
DA:187,0
DA:193,0
DA:204,0
DA:205,0
DA:206,0
DA:208,0
DA:209,0
DA:210,0
DA:214,0
DA:215,0
DA:216,0
DA:219,0
DA:220,0
DA:221,0
DA:225,0
DA:226,0
DA:228,0
DA:230,0
DA:241,0
DA:242,0
DA:244,0
DA:245,0
DA:246,0
DA:249,0
DA:259,0
DA:260,0
DA:262,0
DA:263,0
DA:267,0
DA:270,0
DA:279,0
DA:326,0
DA:327,0
DA:328,0
DA:344,0
DA:353,0
DA:354,0
DA:361,0
DA:363,0
DA:383,0
DA:384,0
DA:385,0
DA:386,0
DA:388,0
LF:110
LH:0
BRDA:15,0,0,0
BRDA:18,1,0,0
BRDA:18,1,1,0
BRDA:23,2,0,0
BRDA:23,2,1,0
BRDA:23,3,0,0
BRDA:23,3,1,0
BRDA:28,4,0,0
BRDA:28,4,1,0
BRDA:38,5,0,0
BRDA:38,5,1,0
BRDA:49,6,0,0
BRDA:55,7,0,0
BRDA:55,7,1,0
BRDA:62,8,0,0
BRDA:62,8,1,0
BRDA:71,9,0,0
BRDA:71,9,1,0
BRDA:73,10,0,0
BRDA:73,10,1,0
BRDA:80,11,0,0
BRDA:80,11,1,0
BRDA:99,12,0,0
BRDA:99,12,1,0
BRDA:100,13,0,0
BRDA:100,13,1,0
BRDA:100,13,2,0
BRDA:101,14,0,0
BRDA:101,14,1,0
BRDA:101,14,2,0
BRDA:103,15,0,0
BRDA:103,15,1,0
BRDA:103,16,0,0
BRDA:103,16,1,0
BRDA:103,17,0,0
BRDA:103,17,1,0
BRDA:103,18,0,0
BRDA:103,18,1,0
BRDA:104,19,0,0
BRDA:104,19,1,0
BRDA:104,20,0,0
BRDA:104,20,1,0
BRDA:104,21,0,0
BRDA:104,21,1,0
BRDA:106,22,0,0
BRDA:106,22,1,0
BRDA:106,22,2,0
BRDA:107,23,0,0
BRDA:107,23,1,0
BRDA:107,23,2,0
BRDA:108,24,0,0
BRDA:108,24,1,0
BRDA:108,24,2,0
BRDA:109,25,0,0
BRDA:109,25,1,0
BRDA:109,26,0,0
BRDA:109,26,1,0
BRDA:110,27,0,0
BRDA:110,27,1,0
BRDA:110,27,2,0
BRDA:111,28,0,0
BRDA:111,28,1,0
BRDA:111,28,2,0
BRDA:112,29,0,0
BRDA:112,29,1,0
BRDA:113,30,0,0
BRDA:113,30,1,0
BRDA:155,31,0,0
BRDA:155,31,1,0
BRDA:175,32,0,0
BRDA:175,32,1,0
BRDA:176,33,0,0
BRDA:176,33,1,0
BRDA:177,34,0,0
BRDA:177,34,1,0
BRDA:178,35,0,0
BRDA:178,35,1,0
BRDA:179,36,0,0
BRDA:179,36,1,0
BRDA:180,37,0,0
BRDA:180,37,1,0
BRDA:181,38,0,0
BRDA:181,38,1,0
BRDA:186,39,0,0
BRDA:186,39,1,0
BRDA:209,40,0,0
BRDA:209,40,1,0
BRDA:215,41,0,0
BRDA:215,41,1,0
BRDA:220,42,0,0
BRDA:220,42,1,0
BRDA:245,43,0,0
BRDA:245,43,1,0
BRDA:260,44,0,0
BRDA:262,45,0,0
BRDA:262,45,1,0
BRDA:262,46,0,0
BRDA:262,46,1,0
BRDA:262,46,2,0
BRDA:327,47,0,0
BRDA:327,47,1,0
BRDA:335,48,0,0
BRDA:335,48,1,0
BRF:103
BRH:0
end_of_record
TN:
SF:controllers/notificationController.js
FN:5,(anonymous_0)
FN:21,(anonymous_1)
FN:35,(anonymous_2)
FN:43,(anonymous_3)
FN:47,(anonymous_4)
FN:49,(anonymous_5)
FN:64,(anonymous_6)
FN:142,(anonymous_7)
FN:220,(anonymous_8)
FN:252,(anonymous_9)
FN:279,(anonymous_10)
FN:297,(anonymous_11)
FN:306,(anonymous_12)
FN:319,(anonymous_13)
FN:337,(anonymous_14)
FN:369,(anonymous_15)
FN:389,(anonymous_16)
FN:465,(anonymous_17)
FN:525,(anonymous_18)
FN:554,(anonymous_19)
FN:580,(anonymous_20)
FN:618,(anonymous_21)
FN:637,(anonymous_22)
FN:677,(anonymous_23)
FN:688,(anonymous_24)
FNF:25
FNH:0
FNDA:0,(anonymous_0)
FNDA:0,(anonymous_1)
FNDA:0,(anonymous_2)
FNDA:0,(anonymous_3)
FNDA:0,(anonymous_4)
FNDA:0,(anonymous_5)
FNDA:0,(anonymous_6)
FNDA:0,(anonymous_7)
FNDA:0,(anonymous_8)
FNDA:0,(anonymous_9)
FNDA:0,(anonymous_10)
FNDA:0,(anonymous_11)
FNDA:0,(anonymous_12)
FNDA:0,(anonymous_13)
FNDA:0,(anonymous_14)
FNDA:0,(anonymous_15)
FNDA:0,(anonymous_16)
FNDA:0,(anonymous_17)
FNDA:0,(anonymous_18)
FNDA:0,(anonymous_19)
FNDA:0,(anonymous_20)
FNDA:0,(anonymous_21)
FNDA:0,(anonymous_22)
FNDA:0,(anonymous_23)
FNDA:0,(anonymous_24)
DA:5,0
DA:6,0
DA:8,0
DA:14,0
DA:21,0
DA:27,0
DA:35,0
DA:36,0
DA:37,0
DA:38,0
DA:40,0
DA:43,0
DA:44,0
DA:45,0
DA:47,0
DA:48,0
DA:49,0
DA:52,0
DA:54,0
DA:64,0
DA:65,0
DA:66,0
DA:67,0
DA:73,0
DA:76,0
DA:79,0
DA:80,0
DA:86,0
DA:87,0
DA:93,0
DA:94,0
DA:100,0
DA:101,0
DA:108,0
DA:109,0
DA:110,0
DA:118,0
DA:128,0
DA:134,0
DA:135,0
DA:142,0
DA:143,0
DA:144,0
DA:146,0
DA:149,0
DA:150,0
DA:156,0
DA:157,0
DA:163,0
DA:164,0
DA:171,0
DA:172,0
DA:173,0
DA:174,0
DA:181,0
DA:182,0
DA:183,0
DA:184,0
DA:192,0
DA:196,0
DA:206,0
DA:212,0
DA:213,0
DA:220,0
DA:221,0
DA:222,0
DA:224,0
DA:225,0
DA:231,0
DA:242,0
DA:246,0
DA:248,0
DA:252,0
DA:253,0
DA:254,0
DA:255,0
DA:261,0
DA:272,0
DA:273,0
DA:275,0
DA:279,0
DA:280,0
DA:281,0
DA:283,0
DA:284,0
DA:290,0
DA:291,0
DA:293,0
DA:297,0
DA:298,0
DA:299,0
DA:300,0
DA:302,0
DA:306,0
DA:307,0
DA:308,0
DA:309,0
DA:311,0
DA:319,0
DA:320,0
DA:321,0
DA:323,0
DA:324,0
DA:330,0
DA:331,0
DA:333,0
DA:337,0
DA:338,0
DA:339,0
DA:340,0
DA:342,0
DA:343,0
DA:349,0
DA:350,0
DA:356,0
DA:360,0
DA:362,0
DA:369,0
DA:370,0
DA:371,0
DA:372,0
DA:378,0
DA:383,0
DA:385,0
DA:389,0
DA:390,0
DA:391,0
DA:394,0
DA:397,0
DA:398,0
DA:404,0
DA:405,0
DA:411,0
DA:412,0
DA:418,0
DA:419,0
DA:425,0
DA:435,0
DA:437,0
DA:441,0
DA:447,0
DA:450,0
DA:451,0
DA:458,0
DA:465,0
DA:466,0
DA:467,0
DA:469,0
DA:471,0
DA:473,0
DA:474,0
DA:481,0
DA:483,0
DA:484,0
DA:485,0
DA:486,0
DA:488,0
DA:489,0
DA:490,0
DA:491,0
DA:492,0
DA:493,0
DA:494,0
DA:496,0
DA:498,0
DA:503,0
DA:509,0
DA:511,0
DA:512,0
DA:518,0
DA:525,0
DA:526,0
DA:527,0
DA:528,0
DA:534,0
DA:536,0
DA:537,0
DA:543,0
DA:544,0
DA:546,0
DA:554,0
DA:555,0
DA:556,0
DA:558,0
DA:563,0
DA:564,0
DA:570,0
DA:576,0
DA:580,0
DA:581,0
DA:582,0
DA:583,0
DA:589,0
DA:591,0
DA:596,0
DA:597,0
DA:603,0
DA:605,0
DA:606,0
DA:618,0
DA:619,0
DA:620,0
DA:621,0
DA:627,0
DA:628,0
DA:630,0
DA:637,0
DA:638,0
DA:639,0
DA:640,0
DA:646,0
DA:659,0
DA:660,0
DA:665,0
DA:671,0
DA:673,0
DA:677,0
DA:678,0
DA:679,0
DA:682,0
DA:684,0
DA:688,0
DA:689,0
DA:690,0
DA:692,0
DA:693,0
DA:699,0
DA:703,0
DA:705,0
LF:229
LH:0
BRDA:5,0,0,0
BRDA:8,1,0,0
BRDA:8,1,1,0
BRDA:10,2,0,0
BRDA:10,2,1,0
BRDA:16,3,0,0
BRDA:16,3,1,0
BRDA:24,4,0,0
BRDA:25,5,0,0
BRDA:36,6,0,0
BRDA:36,6,1,0
BRDA:66,7,0,0
BRDA:66,7,1,0
BRDA:79,8,0,0
BRDA:79,8,1,0
BRDA:86,9,0,0
BRDA:86,9,1,0
BRDA:93,10,0,0
BRDA:93,10,1,0
BRDA:100,11,0,0
BRDA:100,11,1,0
BRDA:100,12,0,0
BRDA:100,12,1,0
BRDA:109,13,0,0
BRDA:109,13,1,0
BRDA:124,14,0,0
BRDA:124,14,1,0
BRDA:125,15,0,0
BRDA:125,15,1,0
BRDA:137,16,0,0
BRDA:137,16,1,0
BRDA:149,17,0,0
BRDA:149,17,1,0
BRDA:149,18,0,0
BRDA:149,18,1,0
BRDA:149,18,2,0
BRDA:156,19,0,0
BRDA:156,19,1,0
BRDA:156,20,0,0
BRDA:156,20,1,0
BRDA:156,20,2,0
BRDA:163,21,0,0
BRDA:163,21,1,0
BRDA:163,22,0,0
BRDA:163,22,1,0
BRDA:163,22,2,0
BRDA:172,23,0,0
BRDA:172,23,1,0
BRDA:173,24,0,0
BRDA:173,24,1,0
BRDA:182,25,0,0
BRDA:182,25,1,0
BRDA:183,26,0,0
BRDA:183,26,1,0
BRDA:200,27,0,0
BRDA:200,27,1,0
BRDA:215,28,0,0
BRDA:215,28,1,0
BRDA:224,29,0,0
BRDA:224,29,1,0
BRDA:232,30,0,0
BRDA:232,30,1,0
BRDA:233,31,0,0
BRDA:233,31,1,0
BRDA:254,32,0,0
BRDA:254,32,1,0
BRDA:262,33,0,0
BRDA:262,33,1,0
BRDA:263,34,0,0
BRDA:263,34,1,0
BRDA:283,35,0,0
BRDA:283,35,1,0
BRDA:323,36,0,0
BRDA:323,36,1,0
BRDA:342,37,0,0
BRDA:342,37,1,0
BRDA:349,38,0,0
BRDA:349,38,1,0
BRDA:349,39,0,0
BRDA:349,39,1,0
BRDA:371,40,0,0
BRDA:371,40,1,0
BRDA:397,41,0,0
BRDA:397,41,1,0
BRDA:397,42,0,0
BRDA:397,42,1,0
BRDA:397,42,2,0
BRDA:404,43,0,0
BRDA:404,43,1,0
BRDA:404,44,0,0
BRDA:404,44,1,0
BRDA:404,44,2,0
BRDA:411,45,0,0
BRDA:411,45,1,0
BRDA:411,46,0,0
BRDA:411,46,1,0
BRDA:411,46,2,0
BRDA:418,47,0,0
BRDA:418,47,1,0
BRDA:418,48,0,0
BRDA:418,48,1,0
BRDA:431,49,0,0
BRDA:431,49,1,0
BRDA:432,50,0,0
BRDA:432,50,1,0
BRDA:450,51,0,0
BRDA:450,51,1,0
BRDA:460,52,0,0
BRDA:460,52,1,0
BRDA:473,53,0,0
BRDA:473,53,1,0
BRDA:483,54,0,0
BRDA:483,54,1,0
BRDA:484,55,0,0
BRDA:484,55,1,0
BRDA:485,56,0,0
BRDA:485,56,1,0
BRDA:487,57,0,0
BRDA:487,57,1,0
BRDA:488,58,0,0
BRDA:488,58,1,0
BRDA:489,59,0,0
BRDA:489,59,1,0
BRDA:490,60,0,0
BRDA:490,60,1,0
BRDA:491,61,0,0
BRDA:491,61,1,0
BRDA:492,62,0,0
BRDA:492,62,1,0
BRDA:493,63,0,0
BRDA:493,63,1,0
BRDA:494,64,0,0
BRDA:494,64,1,0
BRDA:511,65,0,0
BRDA:511,65,1,0
BRDA:520,66,0,0
BRDA:520,66,1,0
BRDA:527,67,0,0
BRDA:527,67,1,0
BRDA:536,68,0,0
BRDA:536,68,1,0
BRDA:563,69,0,0
BRDA:563,69,1,0
BRDA:582,70,0,0
BRDA:582,70,1,0
BRDA:596,71,0,0
BRDA:596,71,1,0
BRDA:605,72,0,0
BRDA:605,72,1,0
BRDA:620,73,0,0
BRDA:620,73,1,0
BRDA:639,74,0,0
BRDA:639,74,1,0
BRDA:647,75,0,0
BRDA:647,75,1,0
BRDA:648,76,0,0
BRDA:648,76,1,0
BRDA:659,77,0,0
BRDA:659,77,1,0
BRDA:692,78,0,0
BRDA:692,78,1,0
BRDA:692,79,0,0
BRDA:692,79,1,0
BRF:163
BRH:0
end_of_record
TN:
SF:controllers/paymentController.js
FN:10,(anonymous_0)
FN:63,(anonymous_1)
FN:121,(anonymous_2)
FN:153,(anonymous_3)
FNF:4
FNH:0
FNDA:0,(anonymous_0)
FNDA:0,(anonymous_1)
FNDA:0,(anonymous_2)
FNDA:0,(anonymous_3)
DA:10,0
DA:11,0
DA:12,0
DA:15,0
DA:16,0
DA:23,0
DA:36,0
DA:47,0
DA:49,0
DA:55,0
DA:56,0
DA:63,0
DA:64,0
DA:65,0
DA:67,0
DA:70,0
DA:73,0
DA:84,0
DA:85,0
DA:86,0
DA:90,0
DA:91,0
DA:97,0
DA:98,0
DA:99,0
DA:101,0
DA:105,0
DA:109,0
DA:112,0
DA:114,0
DA:121,0
DA:122,0
DA:123,0
DA:125,0
DA:127,0
DA:128,0
DA:134,0
DA:145,0
DA:146,0
DA:153,0
DA:154,0
DA:155,0
DA:157,0
DA:159,0
DA:160,0
DA:166,0
DA:167,0
DA:175,0
DA:176,0
DA:177,0
DA:178,0
DA:180,0
DA:183,0
DA:184,0
DA:189,0
DA:192,0
DA:193,0
LF:57
LH:0
BRDA:15,0,0,0
BRDA:15,0,1,0
BRDA:15,1,0,0
BRDA:15,1,1,0
BRDA:15,1,2,0
BRDA:15,1,3,0
BRDA:26,2,0,0
BRDA:26,2,1,0
BRDA:41,3,0,0
BRDA:41,3,1,0
BRDA:79,4,0,0
BRDA:79,4,1,0
BRDA:84,5,0,0
BRDA:84,5,1,0
BRDA:90,6,0,0
BRDA:90,6,1,0
BRDA:90,7,0,0
BRDA:90,7,1,0
BRDA:127,8,0,0
BRDA:127,8,1,0
BRDA:159,9,0,0
BRDA:159,9,1,0
BRDA:166,10,0,0
BRDA:166,10,1,0
BRDA:178,11,0,0
BRDA:178,11,1,0
BRDA:183,12,0,0
BRDA:183,12,1,0
BRF:28
BRH:0
end_of_record
TN:
SF:controllers/smsController.js
FN:9,(anonymous_0)
FN:58,(anonymous_1)
FN:101,(anonymous_2)
FN:137,(anonymous_3)
FN:173,(anonymous_4)
FN:208,(anonymous_5)
FN:225,(anonymous_6)
FN:243,(anonymous_7)
FN:272,(anonymous_8)
FNF:9
FNH:0
FNDA:0,(anonymous_0)
FNDA:0,(anonymous_1)
FNDA:0,(anonymous_2)
FNDA:0,(anonymous_3)
FNDA:0,(anonymous_4)
FNDA:0,(anonymous_5)
FNDA:0,(anonymous_6)
FNDA:0,(anonymous_7)
FNDA:0,(anonymous_8)
DA:9,0
DA:10,0
DA:11,0
DA:14,0
DA:15,0
DA:16,0
DA:23,0
DA:26,0
DA:31,0
DA:43,0
DA:50,0
DA:51,0
DA:58,0
DA:59,0
DA:60,0
DA:63,0
DA:74,0
DA:76,0
DA:79,0
DA:90,0
DA:93,0
DA:94,0
DA:101,0
DA:102,0
DA:103,0
DA:105,0
DA:111,0
DA:113,0
DA:115,0
DA:126,0
DA:129,0
DA:130,0
DA:137,0
DA:138,0
DA:139,0
DA:141,0
DA:147,0
DA:149,0
DA:151,0
DA:162,0
DA:165,0
DA:166,0
DA:173,0
DA:174,0
DA:175,0
DA:177,0
DA:178,0
DA:184,0
DA:187,0
DA:197,0
DA:200,0
DA:201,0
DA:208,0
DA:209,0
DA:210,0
DA:212,0
DA:214,0
DA:217,0
DA:218,0
DA:225,0
DA:226,0
DA:227,0
DA:229,0
DA:230,0
DA:232,0
DA:235,0
DA:236,0
DA:243,0
DA:244,0
DA:245,0
DA:246,0
DA:248,0
DA:254,0
DA:255,0
DA:261,0
DA:264,0
DA:265,0
DA:272,0
DA:273,0
DA:274,0
DA:276,0
DA:277,0
DA:278,0
DA:280,0
DA:287,0
DA:289,0
DA:300,0
DA:301,0
LF:88
LH:0
BRDA:11,0,0,0
BRDA:15,1,0,0
BRDA:15,1,1,0
BRDA:177,2,0,0
BRDA:177,2,1,0
BRDA:210,3,0,0
BRDA:254,4,0,0
BRDA:254,4,1,0
BRDA:274,5,0,0
BRDA:274,6,0,0
BRDA:277,7,0,0
BRDA:277,7,1,0
BRDA:278,8,0,0
BRDA:278,8,1,0
BRF:14
BRH:0
end_of_record
TN:
SF:controllers/taskController.js
FN:15,(anonymous_0)
FN:37,(anonymous_1)
FN:55,(anonymous_2)
FN:57,(anonymous_3)
FN:86,(anonymous_4)
FN:132,(anonymous_5)
FN:138,(anonymous_6)
FN:207,(anonymous_7)
FN:224,(anonymous_8)
FN:232,(anonymous_9)
FN:244,(anonymous_10)
FN:245,(anonymous_11)
FN:253,(anonymous_12)
FN:271,(anonymous_13)
FN:295,(anonymous_14)
FN:312,(anonymous_15)
FN:319,(anonymous_16)
FN:322,(anonymous_17)
FN:323,(anonymous_18)
FNF:19
FNH:0
FNDA:0,(anonymous_0)
FNDA:0,(anonymous_1)
FNDA:0,(anonymous_2)
FNDA:0,(anonymous_3)
FNDA:0,(anonymous_4)
FNDA:0,(anonymous_5)
FNDA:0,(anonymous_6)
FNDA:0,(anonymous_7)
FNDA:0,(anonymous_8)
FNDA:0,(anonymous_9)
FNDA:0,(anonymous_10)
FNDA:0,(anonymous_11)
FNDA:0,(anonymous_12)
FNDA:0,(anonymous_13)
FNDA:0,(anonymous_14)
FNDA:0,(anonymous_15)
FNDA:0,(anonymous_16)
FNDA:0,(anonymous_17)
FNDA:0,(anonymous_18)
DA:5,0
DA:12,0
DA:15,0
DA:16,0
DA:17,0
DA:18,0
DA:20,0
DA:21,0
DA:22,0
DA:23,0
DA:25,0
DA:30,0
DA:32,0
DA:37,0
DA:38,0
DA:39,0
DA:40,0
DA:44,0
DA:45,0
DA:48,0
DA:50,0
DA:55,0
DA:56,0
DA:57,0
DA:63,0
DA:72,0
DA:74,0
DA:75,0
DA:78,0
DA:79,0
DA:81,0
DA:86,0
DA:87,0
DA:88,0
DA:89,0
DA:91,0
DA:92,0
DA:93,0
DA:96,0
DA:97,0
DA:98,0
DA:101,0
DA:102,0
DA:103,0
DA:104,0
DA:105,0
DA:106,0
DA:107,0
DA:111,0
DA:112,0
DA:113,0
DA:115,0
DA:116,0
DA:117,0
DA:119,0
DA:120,0
DA:121,0
DA:123,0
DA:124,0
DA:125,0
DA:127,0
DA:132,0
DA:133,0
DA:134,0
DA:135,0
DA:137,0
DA:138,0
DA:146,0
DA:147,0
DA:148,0
DA:150,0
DA:151,0
DA:152,0
DA:153,0
DA:154,0
DA:155,0
DA:156,0
DA:160,0
DA:161,0
DA:162,0
DA:163,0
DA:164,0
DA:166,0
DA:167,0
DA:168,0
DA:171,0
DA:172,0
DA:173,0
DA:174,0
DA:175,0
DA:176,0
DA:180,0
DA:181,0
DA:183,0
DA:184,0
DA:187,0
DA:188,0
DA:191,0
DA:195,0
DA:196,0
DA:199,0
DA:200,0
DA:202,0
DA:207,0
DA:208,0
DA:209,0
DA:210,0
DA:212,0
DA:213,0
DA:216,0
DA:217,0
DA:219,0
DA:224,0
DA:225,0
DA:226,0
DA:231,0
DA:233,0
DA:234,0
DA:235,0
DA:236,0
DA:238,0
DA:243,0
DA:244,0
DA:245,0
DA:248,0
DA:253,0
DA:254,0
DA:255,0
DA:256,0
DA:258,0
DA:259,0
DA:260,0
DA:262,0
DA:263,0
DA:264,0
DA:266,0
DA:271,0
DA:272,0
DA:273,0
DA:274,0
DA:276,0
DA:277,0
DA:278,0
DA:287,0
DA:288,0
DA:289,0
DA:291,0
DA:295,0
DA:296,0
DA:297,0
DA:298,0
DA:304,0
DA:311,0
DA:312,0
DA:313,0
DA:314,0
DA:315,0
DA:317,0
DA:319,0
DA:320,0
DA:322,0
DA:323,0
DA:324,0
DA:327,0
DA:329,0
LF:165
LH:0
BRDA:20,0,0,0
BRDA:20,0,1,0
BRDA:21,1,0,0
BRDA:21,1,1,0
BRDA:22,2,0,0
BRDA:22,2,1,0
BRDA:23,3,0,0
BRDA:23,3,1,0
BRDA:44,4,0,0
BRDA:44,4,1,0
BRDA:57,5,0,0
BRDA:57,5,1,0
BRDA:74,6,0,0
BRDA:74,6,1,0
BRDA:92,7,0,0
BRDA:92,7,1,0
BRDA:97,8,0,0
BRDA:97,8,1,0
BRDA:104,9,0,0
BRDA:104,9,1,0
BRDA:104,10,0,0
BRDA:104,10,1,0
BRDA:106,11,0,0
BRDA:106,11,1,0
BRDA:106,12,0,0
BRDA:106,12,1,0
BRDA:112,13,0,0
BRDA:112,13,1,0
BRDA:115,14,0,0
BRDA:115,14,1,0
BRDA:115,15,0,0
BRDA:115,15,1,0
BRDA:119,16,0,0
BRDA:119,16,1,0
BRDA:137,17,0,0
BRDA:137,17,1,0
BRDA:146,18,0,0
BRDA:146,18,1,0
BRDA:148,19,0,0
BRDA:148,19,1,0
BRDA:153,20,0,0
BRDA:153,20,1,0
BRDA:153,21,0,0
BRDA:153,21,1,0
BRDA:155,22,0,0
BRDA:155,22,1,0
BRDA:155,23,0,0
BRDA:155,23,1,0
BRDA:161,24,0,0
BRDA:161,24,1,0
BRDA:162,25,0,0
BRDA:162,25,1,0
BRDA:162,26,0,0
BRDA:162,26,1,0
BRDA:166,27,0,0
BRDA:166,27,1,0
BRDA:171,28,0,0
BRDA:171,28,1,0
BRDA:171,29,0,0
BRDA:171,29,1,0
BRDA:171,30,0,0
BRDA:171,30,1,0
BRDA:173,31,0,0
BRDA:173,31,1,0
BRDA:195,32,0,0
BRDA:195,32,1,0
BRDA:212,33,0,0
BRDA:212,33,1,0
BRDA:258,34,0,0
BRDA:258,34,1,0
BRDA:259,35,0,0
BRDA:259,35,1,0
BRDA:260,36,0,0
BRDA:260,36,1,0
BRDA:311,37,0,0
BRDA:311,37,1,0
BRDA:319,38,0,0
BRDA:319,38,1,0
BRDA:322,39,0,0
BRDA:322,39,1,0
BRDA:324,40,0,0
BRDA:324,40,1,0
BRF:82
BRH:0
end_of_record
TN:
SF:controllers/valdorFoodController.js
FN:10,(anonymous_0)
FN:99,(anonymous_1)
FN:137,(anonymous_2)
FN:182,(anonymous_3)
FN:221,(anonymous_4)
FN:240,(anonymous_5)
FN:286,(anonymous_6)
FN:305,(anonymous_7)
FN:344,(anonymous_8)
FN:401,(anonymous_9)
FN:459,(anonymous_10)
FN:531,(anonymous_11)
FNF:12
FNH:0
FNDA:0,(anonymous_0)
FNDA:0,(anonymous_1)
FNDA:0,(anonymous_2)
FNDA:0,(anonymous_3)
FNDA:0,(anonymous_4)
FNDA:0,(anonymous_5)
FNDA:0,(anonymous_6)
FNDA:0,(anonymous_7)
FNDA:0,(anonymous_8)
FNDA:0,(anonymous_9)
FNDA:0,(anonymous_10)
FNDA:0,(anonymous_11)
DA:10,0
DA:11,0
DA:23,0
DA:26,0
DA:28,0
DA:29,0
DA:32,0
DA:33,0
DA:40,0
DA:41,0
DA:44,0
DA:45,0
DA:46,0
DA:47,0
DA:50,0
DA:51,0
DA:55,0
DA:56,0
DA:59,0
DA:62,0
DA:69,0
DA:70,0
DA:72,0
DA:87,0
DA:88,0
DA:99,0
DA:100,0
DA:101,0
DA:103,0
DA:104,0
DA:110,0
DA:112,0
DA:113,0
DA:119,0
DA:125,0
DA:126,0
DA:137,0
DA:138,0
DA:139,0
DA:164,0
DA:170,0
DA:171,0
DA:182,0
DA:183,0
DA:184,0
DA:187,0
DA:188,0
DA:195,0
DA:196,0
DA:197,0
DA:204,0
DA:209,0
DA:211,0
DA:218,0
DA:220,0
DA:221,0
DA:222,0
DA:229,0
DA:240,0
DA:241,0
DA:242,0
DA:243,0
DA:245,0
DA:246,0
DA:253,0
DA:254,0
DA:255,0
DA:256,0
DA:263,0
DA:269,0
DA:270,0
DA:276,0
DA:283,0
DA:285,0
DA:286,0
DA:287,0
DA:294,0
DA:305,0
DA:306,0
DA:307,0
DA:309,0
DA:310,0
DA:316,0
DA:318,0
DA:319,0
DA:325,0
DA:332,0
DA:333,0
DA:344,0
DA:345,0
DA:346,0
DA:348,0
DA:349,0
DA:355,0
DA:356,0
DA:358,0
DA:360,0
DA:363,0
DA:364,0
DA:365,0
DA:366,0
DA:367,0
DA:368,0
DA:370,0
DA:375,0
DA:389,0
DA:390,0
DA:401,0
DA:402,0
DA:403,0
DA:405,0
DA:406,0
DA:409,0
DA:410,0
DA:411,0
DA:413,0
DA:418,0
DA:419,0
DA:420,0
DA:421,0
DA:423,0
DA:426,0
DA:432,0
DA:434,0
DA:447,0
DA:448,0
DA:459,0
DA:460,0
DA:461,0
DA:505,0
DA:507,0
DA:519,0
DA:520,0
DA:531,0
DA:532,0
DA:533,0
DA:535,0
DA:536,0
DA:543,0
DA:561,0
DA:562,0
DA:565,0
DA:566,0
DA:567,0
DA:568,0
DA:569,0
DA:572,0
DA:573,0
DA:576,0
DA:577,0
DA:581,0
DA:594,0
DA:597,0
DA:599,0
DA:601,0
DA:612,0
DA:613,0
LF:157
LH:0
BRDA:19,0,0,0
BRDA:20,1,0,0
BRDA:21,2,0,0
BRDA:22,3,0,0
BRDA:28,4,0,0
BRDA:28,4,1,0
BRDA:28,5,0,0
BRDA:28,5,1,0
BRDA:32,6,0,0
BRDA:32,6,1,0
BRDA:40,7,0,0
BRDA:40,7,1,0
BRDA:44,8,0,0
BRDA:44,8,1,0
BRDA:44,9,0,0
BRDA:44,9,1,0
BRDA:46,10,0,0
BRDA:46,10,1,0
BRDA:47,11,0,0
BRDA:47,11,1,0
BRDA:50,12,0,0
BRDA:50,12,1,0
BRDA:56,13,0,0
BRDA:56,13,1,0
BRDA:103,14,0,0
BRDA:103,14,1,0
BRDA:112,15,0,0
BRDA:112,15,1,0
BRDA:187,16,0,0
BRDA:187,16,1,0
BRDA:187,17,0,0
BRDA:187,17,1,0
BRDA:187,17,2,0
BRDA:196,18,0,0
BRDA:196,18,1,0
BRDA:206,19,0,0
BRDA:206,19,1,0
BRDA:220,20,0,0
BRDA:220,20,1,0
BRDA:245,21,0,0
BRDA:245,21,1,0
BRDA:253,22,0,0
BRDA:253,22,1,0
BRDA:255,23,0,0
BRDA:255,23,1,0
BRDA:269,24,0,0
BRDA:269,24,1,0
BRDA:285,25,0,0
BRDA:285,25,1,0
BRDA:309,26,0,0
BRDA:309,26,1,0
BRDA:318,27,0,0
BRDA:318,27,1,0
BRDA:348,28,0,0
BRDA:348,28,1,0
BRDA:348,29,0,0
BRDA:348,29,1,0
BRDA:348,29,2,0
BRDA:356,30,0,0
BRDA:356,30,1,0
BRDA:356,30,2,0
BRDA:418,31,0,0
BRDA:418,31,1,0
BRDA:510,32,0,0
BRDA:510,32,1,0
BRDA:512,33,0,0
BRDA:512,33,1,0
BRDA:533,34,0,0
BRDA:535,35,0,0
BRDA:535,35,1,0
BRDA:535,36,0,0
BRDA:535,36,1,0
BRDA:561,37,0,0
BRDA:561,37,1,0
BRDA:565,38,0,0
BRDA:565,38,1,0
BRDA:567,39,0,0
BRDA:567,39,1,0
BRDA:568,40,0,0
BRDA:568,40,1,0
BRDA:572,41,0,0
BRDA:572,41,1,0
BRDA:576,42,0,0
BRDA:576,42,1,0
BRF:84
BRH:0
end_of_record
TN:
SF:controllers/admin/adminController.js
FN:8,(anonymous_0)
FN:28,(anonymous_1)
FN:42,(anonymous_2)
FN:71,(anonymous_3)
FN:96,(anonymous_4)
FN:133,(anonymous_5)
FN:144,(anonymous_6)
FN:164,(anonymous_7)
FN:186,(anonymous_8)
FN:196,(anonymous_9)
FN:222,(anonymous_10)
FN:248,(anonymous_11)
FN:268,(anonymous_12)
FN:287,(anonymous_13)
FN:314,(anonymous_14)
FN:333,(anonymous_15)
FN:357,(anonymous_16)
FN:380,(anonymous_17)
FN:404,(anonymous_18)
FN:429,(anonymous_19)
FN:441,(anonymous_20)
FN:475,(anonymous_21)
FN:494,(anonymous_22)
FN:504,(anonymous_23)
FN:514,(anonymous_24)
FN:535,(anonymous_25)
FN:558,(anonymous_26)
FN:580,(anonymous_27)
FN:590,(anonymous_28)
FN:601,(anonymous_29)
FN:633,(anonymous_30)
FN:670,(anonymous_31)
FN:695,(anonymous_32)
FN:721,(anonymous_33)
FN:771,(anonymous_34)
FN:817,(anonymous_35)
FN:854,(anonymous_36)
FN:891,(anonymous_37)
FN:922,(anonymous_38)
FN:939,(anonymous_39)
FN:1026,(anonymous_40)
FN:1116,(anonymous_41)
FN:1193,(anonymous_42)
FNF:43
FNH:0
FNDA:0,(anonymous_0)
FNDA:0,(anonymous_1)
FNDA:0,(anonymous_2)
FNDA:0,(anonymous_3)
FNDA:0,(anonymous_4)
FNDA:0,(anonymous_5)
FNDA:0,(anonymous_6)
FNDA:0,(anonymous_7)
FNDA:0,(anonymous_8)
FNDA:0,(anonymous_9)
FNDA:0,(anonymous_10)
FNDA:0,(anonymous_11)
FNDA:0,(anonymous_12)
FNDA:0,(anonymous_13)
FNDA:0,(anonymous_14)
FNDA:0,(anonymous_15)
FNDA:0,(anonymous_16)
FNDA:0,(anonymous_17)
FNDA:0,(anonymous_18)
FNDA:0,(anonymous_19)
FNDA:0,(anonymous_20)
FNDA:0,(anonymous_21)
FNDA:0,(anonymous_22)
FNDA:0,(anonymous_23)
FNDA:0,(anonymous_24)
FNDA:0,(anonymous_25)
FNDA:0,(anonymous_26)
FNDA:0,(anonymous_27)
FNDA:0,(anonymous_28)
FNDA:0,(anonymous_29)
FNDA:0,(anonymous_30)
FNDA:0,(anonymous_31)
FNDA:0,(anonymous_32)
FNDA:0,(anonymous_33)
FNDA:0,(anonymous_34)
FNDA:0,(anonymous_35)
FNDA:0,(anonymous_36)
FNDA:0,(anonymous_37)
FNDA:0,(anonymous_38)
FNDA:0,(anonymous_39)
FNDA:0,(anonymous_40)
FNDA:0,(anonymous_41)
FNDA:0,(anonymous_42)
DA:8,0
DA:9,0
DA:11,0
DA:21,0
DA:28,0
DA:34,0
DA:42,0
DA:43,0
DA:44,0
DA:47,0
DA:48,0
DA:54,0
DA:64,0
DA:66,0
DA:71,0
DA:72,0
DA:73,0
DA:74,0
DA:76,0
DA:77,0
DA:83,0
DA:89,0
DA:91,0
DA:96,0
DA:97,0
DA:98,0
DA:101,0
DA:102,0
DA:109,0
DA:110,0
DA:116,0
DA:126,0
DA:128,0
DA:133,0
DA:134,0
DA:135,0
DA:136,0
DA:137,0
DA:139,0
DA:144,0
DA:145,0
DA:146,0
DA:147,0
DA:149,0
DA:150,0
DA:156,0
DA:157,0
DA:159,0
DA:164,0
DA:165,0
DA:166,0
DA:168,0
DA:169,0
DA:175,0
DA:176,0
DA:181,0
DA:186,0
DA:187,0
DA:188,0
DA:189,0
DA:191,0
DA:196,0
DA:197,0
DA:198,0
DA:202,0
DA:203,0
DA:206,0
DA:215,0
DA:217,0
DA:222,0
DA:223,0
DA:224,0
DA:225,0
DA:227,0
DA:228,0
DA:234,0
DA:241,0
DA:243,0
DA:248,0
DA:249,0
DA:250,0
DA:251,0
DA:253,0
DA:254,0
DA:260,0
DA:261,0
DA:263,0
DA:268,0
DA:269,0
DA:270,0
DA:272,0
DA:273,0
DA:279,0
DA:280,0
DA:282,0
DA:287,0
DA:288,0
DA:289,0
DA:290,0
DA:291,0
DA:292,0
DA:293,0
DA:299,0
DA:300,0
DA:306,0
DA:307,0
DA:309,0
DA:314,0
DA:315,0
DA:316,0
DA:318,0
DA:319,0
DA:325,0
DA:326,0
DA:328,0
DA:333,0
DA:334,0
DA:335,0
DA:336,0
DA:338,0
DA:339,0
DA:345,0
DA:350,0
DA:352,0
DA:357,0
DA:358,0
DA:359,0
DA:360,0
DA:362,0
DA:363,0
DA:369,0
DA:373,0
DA:375,0
DA:380,0
DA:381,0
DA:382,0
DA:383,0
DA:385,0
DA:386,0
DA:392,0
DA:398,0
DA:400,0
DA:404,0
DA:405,0
DA:406,0
DA:407,0
DA:408,0
DA:409,0
DA:415,0
DA:416,0
DA:421,0
DA:422,0
DA:424,0
DA:429,0
DA:430,0
DA:431,0
DA:432,0
DA:434,0
DA:441,0
DA:442,0
DA:449,0
DA:452,0
DA:453,0
DA:459,0
DA:468,0
DA:470,0
DA:475,0
DA:476,0
DA:477,0
DA:479,0
DA:487,0
DA:489,0
DA:494,0
DA:495,0
DA:496,0
DA:497,0
DA:499,0
DA:504,0
DA:505,0
DA:506,0
DA:507,0
DA:509,0
DA:514,0
DA:515,0
DA:516,0
DA:518,0
DA:519,0
DA:525,0
DA:528,0
DA:530,0
DA:535,0
DA:536,0
DA:537,0
DA:538,0
DA:540,0
DA:541,0
DA:547,0
DA:551,0
DA:553,0
DA:558,0
DA:559,0
DA:560,0
DA:562,0
DA:563,0
DA:569,0
DA:570,0
DA:575,0
DA:580,0
DA:581,0
DA:582,0
DA:583,0
DA:585,0
DA:590,0
DA:591,0
DA:592,0
DA:593,0
DA:600,0
DA:601,0
DA:611,0
DA:612,0
DA:613,0
DA:615,0
DA:617,0
DA:628,0
DA:633,0
DA:634,0
DA:635,0
DA:637,0
DA:639,0
DA:640,0
DA:641,0
DA:647,0
DA:653,0
DA:654,0
DA:655,0
DA:661,0
DA:662,0
DA:664,0
DA:665,0
DA:670,0
DA:671,0
DA:672,0
DA:673,0
DA:675,0
DA:677,0
DA:678,0
DA:679,0
DA:685,0
DA:686,0
DA:687,0
DA:689,0
DA:690,0
DA:695,0
DA:696,0
DA:697,0
DA:698,0
DA:699,0
DA:701,0
DA:703,0
DA:704,0
DA:705,0
DA:711,0
DA:712,0
DA:713,0
DA:715,0
DA:716,0
DA:721,0
DA:722,0
DA:723,0
DA:724,0
DA:725,0
DA:727,0
DA:729,0
DA:730,0
DA:731,0
DA:732,0
DA:733,0
DA:739,0
DA:740,0
DA:741,0
DA:742,0
DA:748,0
DA:749,0
DA:750,0
DA:756,0
DA:757,0
DA:758,0
DA:759,0
DA:760,0
DA:762,0
DA:763,0
DA:765,0
DA:766,0
DA:771,0
DA:772,0
DA:773,0
DA:774,0
DA:776,0
DA:778,0
DA:779,0
DA:780,0
DA:786,0
DA:787,0
DA:788,0
DA:789,0
DA:795,0
DA:796,0
DA:797,0
DA:803,0
DA:804,0
DA:805,0
DA:806,0
DA:808,0
DA:809,0
DA:811,0
DA:812,0
DA:817,0
DA:818,0
DA:819,0
DA:821,0
DA:823,0
DA:824,0
DA:825,0
DA:831,0
DA:835,0
DA:836,0
DA:837,0
DA:843,0
DA:844,0
DA:846,0
DA:847,0
DA:854,0
DA:855,0
DA:863,0
DA:866,0
DA:867,0
DA:869,0
DA:872,0
DA:873,0
DA:877,0
DA:878,0
DA:879,0
DA:880,0
DA:884,0
DA:885,0
DA:889,0
DA:891,0
DA:895,0
DA:903,0
DA:905,0
DA:917,0
DA:922,0
DA:923,0
DA:924,0
DA:926,0
DA:931,0
DA:934,0
DA:939,0
DA:940,0
DA:941,0
DA:942,0
DA:943,0
DA:945,0
DA:946,0
DA:952,0
DA:954,0
DA:958,0
DA:959,0
DA:965,0
DA:966,0
DA:973,0
DA:974,0
DA:975,0
DA:976,0
DA:977,0
DA:978,0
DA:979,0
DA:980,0
DA:983,0
DA:984,0
DA:985,0
DA:986,0
DA:987,0
DA:988,0
DA:989,0
DA:991,0
DA:997,0
DA:1014,0
DA:1021,0
DA:1026,0
DA:1027,0
DA:1028,0
DA:1029,0
DA:1030,0
DA:1032,0
DA:1033,0
DA:1039,0
DA:1040,0
DA:1046,0
DA:1048,0
DA:1052,0
DA:1053,0
DA:1059,0
DA:1060,0
DA:1067,0
DA:1068,0
DA:1069,0
DA:1070,0
DA:1071,0
DA:1072,0
DA:1073,0
DA:1076,0
DA:1077,0
DA:1078,0
DA:1079,0
DA:1082,0
DA:1087,0
DA:1104,0
DA:1111,0
DA:1116,0
DA:1117,0
DA:1118,0
DA:1119,0
DA:1120,0
DA:1122,0
DA:1123,0
DA:1129,0
DA:1130,0
DA:1136,0
DA:1138,0
DA:1142,0
DA:1143,0
DA:1149,0
DA:1150,0
DA:1157,0
DA:1158,0
DA:1159,0
DA:1160,0
DA:1161,0
DA:1162,0
DA:1163,0
DA:1166,0
DA:1181,0
DA:1188,0
DA:1193,0
DA:1194,0
DA:1195,0
DA:1196,0
DA:1197,0
DA:1199,0
DA:1201,0
DA:1231,0
DA:1241,0
DA:1243,0
LF:454
LH:0
BRDA:8,0,0,0
BRDA:11,1,0,0
BRDA:11,1,1,0
BRDA:13,2,0,0
BRDA:13,2,1,0
BRDA:15,3,0,0
BRDA:15,3,1,0
BRDA:17,4,0,0
BRDA:17,4,1,0
BRDA:23,5,0,0
BRDA:23,5,1,0
BRDA:31,6,0,0
BRDA:32,7,0,0
BRDA:47,8,0,0
BRDA:47,8,1,0
BRDA:47,9,0,0
BRDA:47,9,1,0
BRDA:47,9,2,0
BRDA:47,9,3,0
BRDA:76,10,0,0
BRDA:76,10,1,0
BRDA:98,11,0,0
BRDA:101,12,0,0
BRDA:101,12,1,0
BRDA:101,13,0,0
BRDA:101,13,1,0
BRDA:109,14,0,0
BRDA:109,14,1,0
BRDA:109,15,0,0
BRDA:109,15,1,0
BRDA:109,15,2,0
BRDA:149,16,0,0
BRDA:149,16,1,0
BRDA:168,17,0,0
BRDA:168,17,1,0
BRDA:202,18,0,0
BRDA:202,18,1,0
BRDA:203,19,0,0
BRDA:203,19,1,0
BRDA:207,20,0,0
BRDA:207,20,1,0
BRDA:208,21,0,0
BRDA:208,21,1,0
BRDA:227,22,0,0
BRDA:227,22,1,0
BRDA:227,23,0,0
BRDA:227,23,1,0
BRDA:253,24,0,0
BRDA:253,24,1,0
BRDA:272,25,0,0
BRDA:272,25,1,0
BRDA:292,26,0,0
BRDA:292,26,1,0
BRDA:299,27,0,0
BRDA:299,27,1,0
BRDA:318,28,0,0
BRDA:318,28,1,0
BRDA:338,29,0,0
BRDA:338,29,1,0
BRDA:362,30,0,0
BRDA:362,30,1,0
BRDA:370,31,0,0
BRDA:370,31,1,0
BRDA:371,32,0,0
BRDA:371,32,1,0
BRDA:383,33,0,0
BRDA:385,34,0,0
BRDA:385,34,1,0
BRDA:408,35,0,0
BRDA:408,35,1,0
BRDA:408,36,0,0
BRDA:408,36,1,0
BRDA:415,37,0,0
BRDA:415,37,1,0
BRDA:447,38,0,0
BRDA:448,39,0,0
BRDA:452,40,0,0
BRDA:452,40,1,0
BRDA:452,41,0,0
BRDA:452,41,1,0
BRDA:452,41,2,0
BRDA:480,42,0,0
BRDA:480,42,1,0
BRDA:481,43,0,0
BRDA:481,43,1,0
BRDA:518,44,0,0
BRDA:518,44,1,0
BRDA:518,45,0,0
BRDA:518,45,1,0
BRDA:540,46,0,0
BRDA:540,46,1,0
BRDA:562,47,0,0
BRDA:562,47,1,0
BRDA:592,48,0,0
BRDA:592,49,0,0
BRDA:639,50,0,0
BRDA:639,50,1,0
BRDA:653,51,0,0
BRDA:653,51,1,0
BRDA:677,52,0,0
BRDA:677,52,1,0
BRDA:703,53,0,0
BRDA:703,53,1,0
BRDA:703,54,0,0
BRDA:703,54,1,0
BRDA:729,55,0,0
BRDA:729,55,1,0
BRDA:729,56,0,0
BRDA:729,56,1,0
BRDA:740,57,0,0
BRDA:740,57,1,0
BRDA:748,58,0,0
BRDA:748,58,1,0
BRDA:778,59,0,0
BRDA:778,59,1,0
BRDA:787,60,0,0
BRDA:787,60,1,0
BRDA:795,61,0,0
BRDA:795,61,1,0
BRDA:823,62,0,0
BRDA:823,62,1,0
BRDA:835,63,0,0
BRDA:835,63,1,0
BRDA:858,64,0,0
BRDA:859,65,0,0
BRDA:872,66,0,0
BRDA:872,66,1,0
BRDA:877,67,0,0
BRDA:877,67,1,0
BRDA:877,68,0,0
BRDA:877,68,1,0
BRDA:879,69,0,0
BRDA:879,69,1,0
BRDA:880,70,0,0
BRDA:880,70,1,0
BRDA:884,71,0,0
BRDA:884,71,1,0
BRDA:945,72,0,0
BRDA:945,72,1,0
BRDA:958,73,0,0
BRDA:958,73,1,0
BRDA:965,74,0,0
BRDA:965,74,1,0
BRDA:983,75,0,0
BRDA:983,75,1,0
BRDA:1032,76,0,0
BRDA:1032,76,1,0
BRDA:1039,77,0,0
BRDA:1039,77,1,0
BRDA:1052,78,0,0
BRDA:1052,78,1,0
BRDA:1059,79,0,0
BRDA:1059,79,1,0
BRDA:1078,80,0,0
BRDA:1078,80,1,0
BRDA:1122,81,0,0
BRDA:1122,81,1,0
BRDA:1129,82,0,0
BRDA:1129,82,1,0
BRDA:1142,83,0,0
BRDA:1142,83,1,0
BRDA:1149,84,0,0
BRDA:1149,84,1,0
BRDA:1195,85,0,0
BRDA:1231,86,0,0
BRDA:1231,86,1,0
BRF:166
BRH:0
end_of_record
TN:
SF:controllers/admin/settingsController.js
FN:5,(anonymous_0)
FN:18,(anonymous_1)
FN:50,(anonymous_2)
FN:79,(anonymous_3)
FN:112,(anonymous_4)
FN:163,(anonymous_5)
FN:178,(anonymous_6)
FN:200,(anonymous_7)
FN:220,(anonymous_8)
FN:239,(anonymous_9)
FNF:10
FNH:0
FNDA:0,(anonymous_0)
FNDA:0,(anonymous_1)
FNDA:0,(anonymous_2)
FNDA:0,(anonymous_3)
FNDA:0,(anonymous_4)
FNDA:0,(anonymous_5)
FNDA:0,(anonymous_6)
FNDA:0,(anonymous_7)
FNDA:0,(anonymous_8)
FNDA:0,(anonymous_9)
DA:5,0
DA:6,0
DA:7,0
DA:8,0
DA:10,0
DA:14,0
DA:18,0
DA:19,0
DA:20,0
DA:21,0
DA:22,0
DA:23,0
DA:25,0
DA:26,0
DA:27,0
DA:31,0
DA:33,0
DA:38,0
DA:39,0
DA:46,0
DA:50,0
DA:51,0
DA:53,0
DA:54,0
DA:61,0
DA:69,0
DA:71,0
DA:75,0
DA:79,0
DA:80,0
DA:81,0
DA:83,0
DA:92,0
DA:93,0
DA:100,0
DA:102,0
DA:104,0
DA:108,0
DA:112,0
DA:113,0
DA:121,0
DA:123,0
DA:128,0
DA:130,0
DA:131,0
DA:134,0
DA:135,0
DA:138,0
DA:139,0
DA:142,0
DA:143,0
DA:150,0
DA:155,0
DA:159,0
DA:163,0
DA:164,0
DA:165,0
DA:166,0
DA:167,0
DA:169,0
DA:174,0
DA:178,0
DA:179,0
DA:180,0
DA:183,0
DA:184,0
DA:186,0
DA:192,0
DA:196,0
DA:200,0
DA:201,0
DA:202,0
DA:203,0
DA:205,0
DA:206,0
DA:209,0
DA:210,0
DA:212,0
DA:216,0
DA:220,0
DA:221,0
DA:222,0
DA:224,0
DA:225,0
DA:228,0
DA:229,0
DA:231,0
DA:235,0
DA:239,0
DA:240,0
DA:241,0
DA:242,0
DA:244,0
DA:245,0
DA:247,0
DA:254,0
DA:258,0
LF:97
LH:0
BRDA:22,0,0,0
BRDA:22,0,1,0
BRDA:38,1,0,0
BRDA:38,1,1,0
BRDA:85,2,0,0
BRDA:85,2,1,0
BRDA:92,3,0,0
BRDA:92,3,1,0
BRDA:92,4,0,0
BRDA:92,4,1,0
BRDA:92,4,2,0
BRDA:92,4,3,0
BRDA:124,5,0,0
BRDA:124,5,1,0
BRDA:124,5,2,0
BRDA:125,6,0,0
BRDA:125,6,1,0
BRDA:125,6,2,0
BRDA:130,7,0,0
BRDA:130,7,1,0
BRDA:130,8,0,0
BRDA:130,8,1,0
BRDA:130,8,2,0
BRDA:134,9,0,0
BRDA:134,9,1,0
BRDA:134,10,0,0
BRDA:134,10,1,0
BRDA:134,10,2,0
BRDA:138,11,0,0
BRDA:138,11,1,0
BRDA:138,12,0,0
BRDA:138,12,1,0
BRDA:142,13,0,0
BRDA:142,13,1,0
BRDA:151,14,0,0
BRDA:151,14,1,0
BRDA:151,14,2,0
BRDA:152,15,0,0
BRDA:152,15,1,0
BRDA:152,15,2,0
BRDA:205,16,0,0
BRDA:205,16,1,0
BRDA:224,17,0,0
BRDA:224,17,1,0
BRDA:244,18,0,0
BRDA:244,18,1,0
BRF:46
BRH:0
end_of_record
TN:
SF:controllers/auth/authController.js
FN:6,(anonymous_0)
FN:28,(anonymous_1)
FN:42,(anonymous_2)
FN:67,(anonymous_3)
FN:78,(anonymous_4)
FN:93,(anonymous_5)
FN:166,(anonymous_6)
FN:186,(anonymous_7)
FN:205,(anonymous_8)
FN:224,(anonymous_9)
FN:243,(anonymous_10)
FN:264,(anonymous_11)
FN:274,(anonymous_12)
FN:289,(anonymous_13)
FN:299,(anonymous_14)
FN:310,(anonymous_15)
FN:320,(anonymous_16)
FNF:17
FNH:0
FNDA:0,(anonymous_0)
FNDA:0,(anonymous_1)
FNDA:0,(anonymous_2)
FNDA:0,(anonymous_3)
FNDA:0,(anonymous_4)
FNDA:0,(anonymous_5)
FNDA:0,(anonymous_6)
FNDA:0,(anonymous_7)
FNDA:0,(anonymous_8)
FNDA:0,(anonymous_9)
FNDA:0,(anonymous_10)
FNDA:0,(anonymous_11)
FNDA:0,(anonymous_12)
FNDA:0,(anonymous_13)
FNDA:0,(anonymous_14)
FNDA:0,(anonymous_15)
FNDA:0,(anonymous_16)
DA:6,0
DA:7,0
DA:9,0
DA:21,0
DA:28,0
DA:34,0
DA:42,0
DA:43,0
DA:44,0
DA:47,0
DA:48,0
DA:54,0
DA:60,0
DA:62,0
DA:67,0
DA:68,0
DA:69,0
DA:70,0
DA:71,0
DA:73,0
DA:78,0
DA:79,0
DA:80,0
DA:81,0
DA:86,0
DA:88,0
DA:93,0
DA:94,0
DA:95,0
DA:98,0
DA:99,0
DA:105,0
DA:112,0
DA:114,0
DA:121,0
DA:122,0
DA:131,0
DA:132,0
DA:141,0
DA:142,0
DA:150,0
DA:151,0
DA:158,0
DA:166,0
DA:167,0
DA:168,0
DA:171,0
DA:172,0
DA:178,0
DA:179,0
DA:181,0
DA:186,0
DA:187,0
DA:188,0
DA:190,0
DA:191,0
DA:197,0
DA:198,0
DA:200,0
DA:205,0
DA:206,0
DA:207,0
DA:209,0
DA:210,0
DA:216,0
DA:217,0
DA:219,0
DA:224,0
DA:225,0
DA:226,0
DA:228,0
DA:229,0
DA:235,0
DA:236,0
DA:238,0
DA:243,0
DA:244,0
DA:245,0
DA:246,0
DA:247,0
DA:252,0
DA:257,0
DA:259,0
DA:264,0
DA:265,0
DA:266,0
DA:267,0
DA:269,0
DA:274,0
DA:275,0
DA:276,0
DA:277,0
DA:282,0
DA:284,0
DA:289,0
DA:290,0
DA:291,0
DA:292,0
DA:294,0
DA:299,0
DA:300,0
DA:301,0
DA:302,0
DA:303,0
DA:305,0
DA:310,0
DA:311,0
DA:312,0
DA:313,0
DA:315,0
DA:320,0
DA:321,0
DA:323,0
DA:326,0
DA:337,0
DA:352,0
DA:353,0
DA:355,0
DA:357,0
DA:358,0
DA:359,0
LF:121
LH:0
BRDA:6,0,0,0
BRDA:9,1,0,0
BRDA:9,1,1,0
BRDA:11,2,0,0
BRDA:11,2,1,0
BRDA:13,3,0,0
BRDA:13,3,1,0
BRDA:15,4,0,0
BRDA:15,4,1,0
BRDA:17,5,0,0
BRDA:17,5,1,0
BRDA:23,6,0,0
BRDA:23,6,1,0
BRDA:31,7,0,0
BRDA:32,8,0,0
BRDA:47,9,0,0
BRDA:47,9,1,0
BRDA:47,10,0,0
BRDA:47,10,1,0
BRDA:47,10,2,0
BRDA:98,11,0,0
BRDA:98,11,1,0
BRDA:98,12,0,0
BRDA:98,12,1,0
BRDA:121,13,0,0
BRDA:121,13,1,0
BRDA:131,14,0,0
BRDA:131,14,1,0
BRDA:141,15,0,0
BRDA:141,15,1,0
BRDA:150,16,0,0
BRDA:150,16,1,0
BRDA:160,17,0,0
BRDA:160,17,1,0
BRDA:171,18,0,0
BRDA:171,18,1,0
BRDA:171,19,0,0
BRDA:171,19,1,0
BRDA:190,20,0,0
BRDA:190,20,1,0
BRDA:209,21,0,0
BRDA:209,21,1,0
BRDA:228,22,0,0
BRDA:228,22,1,0
BRDA:228,23,0,0
BRDA:228,23,1,0
BRDA:246,24,0,0
BRDA:246,24,1,0
BRDA:246,25,0,0
BRDA:246,25,1,0
BRDA:246,25,2,0
BRDA:332,26,0,0
BRDA:332,26,1,0
BRDA:352,27,0,0
BRDA:352,27,1,0
BRDA:358,28,0,0
BRDA:358,28,1,0
BRF:57
BRH:0
end_of_record
TN:
SF:controllers/bookings/bookingController.js
FN:15,(anonymous_0)
FN:35,(anonymous_1)
FN:52,(anonymous_2)
FN:80,(anonymous_3)
FN:96,(anonymous_4)
FN:227,(anonymous_5)
FN:262,(anonymous_6)
FN:294,(anonymous_7)
FN:366,(anonymous_8)
FN:399,(anonymous_9)
FN:430,(anonymous_10)
FN:445,(anonymous_11)
FN:541,(anonymous_12)
FN:634,(anonymous_13)
FN:709,(anonymous_14)
FN:768,(anonymous_15)
FN:906,(anonymous_16)
FN:1019,(anonymous_17)
FN:1120,(anonymous_18)
FN:1338,(anonymous_19)
FN:1393,(anonymous_20)
FNF:21
FNH:0
FNDA:0,(anonymous_0)
FNDA:0,(anonymous_1)
FNDA:0,(anonymous_2)
FNDA:0,(anonymous_3)
FNDA:0,(anonymous_4)
FNDA:0,(anonymous_5)
FNDA:0,(anonymous_6)
FNDA:0,(anonymous_7)
FNDA:0,(anonymous_8)
FNDA:0,(anonymous_9)
FNDA:0,(anonymous_10)
FNDA:0,(anonymous_11)
FNDA:0,(anonymous_12)
FNDA:0,(anonymous_13)
FNDA:0,(anonymous_14)
FNDA:0,(anonymous_15)
FNDA:0,(anonymous_16)
FNDA:0,(anonymous_17)
FNDA:0,(anonymous_18)
FNDA:0,(anonymous_19)
FNDA:0,(anonymous_20)
DA:15,0
DA:16,0
DA:18,0
DA:28,0
DA:35,0
DA:36,0
DA:37,0
DA:45,0
DA:47,0
DA:52,0
DA:53,0
DA:54,0
DA:55,0
DA:56,0
DA:59,0
DA:60,0
DA:61,0
DA:64,0
DA:65,0
DA:68,0
DA:69,0
DA:70,0
DA:71,0
DA:73,0
DA:75,0
DA:80,0
DA:86,0
DA:96,0
DA:97,0
DA:107,0
DA:110,0
DA:111,0
DA:117,0
DA:120,0
DA:121,0
DA:123,0
DA:147,0
DA:148,0
DA:152,0
DA:153,0
DA:154,0
DA:156,0
DA:158,0
DA:159,0
DA:160,0
DA:169,0
DA:170,0
DA:174,0
DA:189,0
DA:194,0
DA:212,0
DA:213,0
DA:214,0
DA:216,0
DA:219,0
DA:222,0
DA:227,0
DA:228,0
DA:229,0
DA:230,0
DA:232,0
DA:233,0
DA:234,0
DA:237,0
DA:243,0
DA:245,0
DA:257,0
DA:262,0
DA:263,0
DA:264,0
DA:265,0
DA:267,0
DA:268,0
DA:274,0
DA:279,0
DA:280,0
DA:286,0
DA:289,0
DA:294,0
DA:295,0
DA:296,0
DA:297,0
DA:298,0
DA:300,0
DA:301,0
DA:307,0
DA:312,0
DA:313,0
DA:320,0
DA:321,0
DA:327,0
DA:328,0
DA:335,0
DA:336,0
DA:337,0
DA:338,0
DA:339,0
DA:342,0
DA:343,0
DA:344,0
DA:345,0
DA:348,0
DA:352,0
DA:359,0
DA:366,0
DA:367,0
DA:375,0
DA:377,0
DA:380,0
DA:381,0
DA:385,0
DA:386,0
DA:387,0
DA:388,0
DA:392,0
DA:393,0
DA:397,0
DA:399,0
DA:403,0
DA:411,0
DA:413,0
DA:425,0
DA:430,0
DA:431,0
DA:432,0
DA:437,0
DA:440,0
DA:445,0
DA:446,0
DA:447,0
DA:448,0
DA:449,0
DA:451,0
DA:452,0
DA:458,0
DA:462,0
DA:463,0
DA:469,0
DA:470,0
DA:477,0
DA:478,0
DA:479,0
DA:480,0
DA:481,0
DA:482,0
DA:484,0
DA:486,0
DA:487,0
DA:494,0
DA:495,0
DA:498,0
DA:503,0
DA:504,0
DA:506,0
DA:510,0
DA:511,0
DA:512,0
DA:513,0
DA:514,0
DA:515,0
DA:517,0
DA:520,0
DA:521,0
DA:522,0
DA:524,0
DA:528,0
DA:535,0
DA:536,0
DA:541,0
DA:542,0
DA:543,0
DA:544,0
DA:545,0
DA:547,0
DA:548,0
DA:554,0
DA:555,0
DA:561,0
DA:565,0
DA:566,0
DA:572,0
DA:573,0
DA:580,0
DA:581,0
DA:582,0
DA:583,0
DA:584,0
DA:585,0
DA:586,0
DA:589,0
DA:590,0
DA:591,0
DA:592,0
DA:595,0
DA:600,0
DA:601,0
DA:618,0
DA:622,0
DA:629,0
DA:634,0
DA:635,0
DA:636,0
DA:637,0
DA:638,0
DA:640,0
DA:641,0
DA:647,0
DA:648,0
DA:654,0
DA:658,0
DA:659,0
DA:665,0
DA:666,0
DA:673,0
DA:674,0
DA:675,0
DA:676,0
DA:677,0
DA:678,0
DA:679,0
DA:682,0
DA:697,0
DA:704,0
DA:709,0
DA:710,0
DA:711,0
DA:712,0
DA:714,0
DA:715,0
DA:716,0
DA:717,0
DA:722,0
DA:750,0
DA:760,0
DA:763,0
DA:768,0
DA:769,0
DA:770,0
DA:771,0
DA:772,0
DA:774,0
DA:775,0
DA:781,0
DA:787,0
DA:788,0
DA:789,0
DA:790,0
DA:794,0
DA:795,0
DA:796,0
DA:799,0
DA:800,0
DA:807,0
DA:808,0
DA:809,0
DA:810,0
DA:811,0
DA:812,0
DA:814,0
DA:816,0
DA:817,0
DA:824,0
DA:825,0
DA:828,0
DA:833,0
DA:834,0
DA:836,0
DA:840,0
DA:841,0
DA:842,0
DA:843,0
DA:844,0
DA:845,0
DA:847,0
DA:848,0
DA:851,0
DA:852,0
DA:853,0
DA:855,0
DA:860,0
DA:861,0
DA:878,0
DA:882,0
DA:888,0
DA:895,0
DA:901,0
DA:906,0
DA:907,0
DA:908,0
DA:909,0
DA:910,0
DA:912,0
DA:913,0
DA:919,0
DA:920,0
DA:926,0
DA:932,0
DA:933,0
DA:934,0
DA:938,0
DA:939,0
DA:940,0
DA:943,0
DA:944,0
DA:948,0
DA:952,0
DA:953,0
DA:954,0
DA:955,0
DA:956,0
DA:957,0
DA:958,0
DA:959,0
DA:962,0
DA:963,0
DA:964,0
DA:965,0
DA:968,0
DA:973,0
DA:974,0
DA:991,0
DA:995,0
DA:1001,0
DA:1008,0
DA:1014,0
DA:1019,0
DA:1020,0
DA:1021,0
DA:1022,0
DA:1023,0
DA:1025,0
DA:1026,0
DA:1032,0
DA:1033,0
DA:1039,0
DA:1045,0
DA:1046,0
DA:1047,0
DA:1048,0
DA:1052,0
DA:1053,0
DA:1054,0
DA:1055,0
DA:1058,0
DA:1060,0
DA:1061,0
DA:1062,0
DA:1066,0
DA:1070,0
DA:1071,0
DA:1072,0
DA:1073,0
DA:1074,0
DA:1075,0
DA:1076,0
DA:1077,0
DA:1080,0
DA:1095,0
DA:1101,0
DA:1102,0
DA:1109,0
DA:1115,0
DA:1120,0
DA:1121,0
DA:1122,0
DA:1123,0
DA:1124,0
DA:1126,0
DA:1127,0
DA:1134,0
DA:1139,0
DA:1140,0
DA:1147,0
DA:1149,0
DA:1150,0
DA:1155,0
DA:1156,0
DA:1164,0
DA:1167,0
DA:1175,0
DA:1176,0
DA:1183,0
DA:1184,0
DA:1185,0
DA:1186,0
DA:1189,0
DA:1190,0
DA:1191,0
DA:1202,0
DA:1203,0
DA:1204,0
DA:1211,0
DA:1213,0
DA:1214,0
DA:1215,0
DA:1224,0
DA:1225,0
DA:1226,0
DA:1227,0
DA:1228,0
DA:1229,0
DA:1231,0
DA:1232,0
DA:1238,0
DA:1255,0
DA:1266,0
DA:1269,0
DA:1270,0
DA:1271,0
DA:1272,0
DA:1274,0
DA:1282,0
DA:1284,0
DA:1287,0
DA:1290,0
DA:1291,0
DA:1292,0
DA:1296,0
DA:1299,0
DA:1300,0
DA:1301,0
DA:1306,0
DA:1307,0
DA:1308,0
DA:1310,0
DA:1326,0
DA:1333,0
DA:1338,0
DA:1339,0
DA:1340,0
DA:1341,0
DA:1342,0
DA:1344,0
DA:1345,0
DA:1351,0
DA:1352,0
DA:1358,0
DA:1362,0
DA:1363,0
DA:1370,0
DA:1371,0
DA:1372,0
DA:1373,0
DA:1375,0
DA:1376,0
DA:1379,0
DA:1381,0
DA:1388,0
DA:1393,0
DA:1394,0
DA:1395,0
DA:1397,0
DA:1398,0
DA:1404,0
DA:1406,0
DA:1407,0
DA:1414,0
DA:1416,0
DA:1419,0
LF:459
LH:0
BRDA:15,0,0,0
BRDA:18,1,0,0
BRDA:18,1,1,0
BRDA:20,2,0,0
BRDA:20,2,1,0
BRDA:22,3,0,0
BRDA:22,3,1,0
BRDA:24,4,0,0
BRDA:24,4,1,0
BRDA:30,5,0,0
BRDA:30,5,1,0
BRDA:55,6,0,0
BRDA:55,6,1,0
BRDA:60,7,0,0
BRDA:60,7,1,0
BRDA:64,8,0,0
BRDA:64,8,1,0
BRDA:83,9,0,0
BRDA:84,10,0,0
BRDA:110,11,0,0
BRDA:110,11,1,0
BRDA:110,12,0,0
BRDA:110,12,1,0
BRDA:110,12,2,0
BRDA:121,13,0,0
BRDA:121,13,1,0
BRDA:152,14,0,0
BRDA:152,14,1,0
BRDA:156,15,0,0
BRDA:156,15,1,0
BRDA:156,16,0,0
BRDA:156,16,1,0
BRDA:159,17,0,0
BRDA:159,17,1,0
BRDA:159,18,0,0
BRDA:159,18,1,0
BRDA:178,19,0,0
BRDA:178,19,1,0
BRDA:180,20,0,0
BRDA:180,20,1,0
BRDA:181,21,0,0
BRDA:181,21,1,0
BRDA:183,22,0,0
BRDA:183,22,1,0
BRDA:212,23,0,0
BRDA:212,23,1,0
BRDA:214,24,0,0
BRDA:214,24,1,0
BRDA:230,25,0,0
BRDA:230,26,0,0
BRDA:233,27,0,0
BRDA:233,27,1,0
BRDA:267,28,0,0
BRDA:267,28,1,0
BRDA:279,29,0,0
BRDA:279,29,1,0
BRDA:300,30,0,0
BRDA:300,30,1,0
BRDA:312,31,0,0
BRDA:312,31,1,0
BRDA:320,32,0,0
BRDA:320,32,1,0
BRDA:320,33,0,0
BRDA:320,33,1,0
BRDA:320,33,2,0
BRDA:327,34,0,0
BRDA:327,34,1,0
BRDA:338,35,0,0
BRDA:338,35,1,0
BRDA:344,36,0,0
BRDA:344,36,1,0
BRDA:370,37,0,0
BRDA:371,38,0,0
BRDA:380,39,0,0
BRDA:380,39,1,0
BRDA:385,40,0,0
BRDA:385,40,1,0
BRDA:385,41,0,0
BRDA:385,41,1,0
BRDA:387,42,0,0
BRDA:387,42,1,0
BRDA:388,43,0,0
BRDA:388,43,1,0
BRDA:392,44,0,0
BRDA:392,44,1,0
BRDA:451,45,0,0
BRDA:451,45,1,0
BRDA:462,46,0,0
BRDA:462,46,1,0
BRDA:469,47,0,0
BRDA:469,47,1,0
BRDA:469,48,0,0
BRDA:469,48,1,0
BRDA:477,49,0,0
BRDA:477,49,1,0
BRDA:486,50,0,0
BRDA:486,50,1,0
BRDA:494,51,0,0
BRDA:494,51,1,0
BRDA:503,52,0,0
BRDA:503,52,1,0
BRDA:547,53,0,0
BRDA:547,53,1,0
BRDA:554,54,0,0
BRDA:554,54,1,0
BRDA:565,55,0,0
BRDA:565,55,1,0
BRDA:572,56,0,0
BRDA:572,56,1,0
BRDA:572,57,0,0
BRDA:572,57,1,0
BRDA:591,58,0,0
BRDA:591,58,1,0
BRDA:640,59,0,0
BRDA:640,59,1,0
BRDA:647,60,0,0
BRDA:647,60,1,0
BRDA:658,61,0,0
BRDA:658,61,1,0
BRDA:665,62,0,0
BRDA:665,62,1,0
BRDA:711,63,0,0
BRDA:714,64,0,0
BRDA:714,64,1,0
BRDA:750,65,0,0
BRDA:750,65,1,0
BRDA:774,66,0,0
BRDA:774,66,1,0
BRDA:774,67,0,0
BRDA:774,67,1,0
BRDA:774,67,2,0
BRDA:794,68,0,0
BRDA:794,68,1,0
BRDA:799,69,0,0
BRDA:799,69,1,0
BRDA:799,70,0,0
BRDA:799,70,1,0
BRDA:807,71,0,0
BRDA:807,71,1,0
BRDA:816,72,0,0
BRDA:816,72,1,0
BRDA:824,73,0,0
BRDA:824,73,1,0
BRDA:833,74,0,0
BRDA:833,74,1,0
BRDA:912,75,0,0
BRDA:912,75,1,0
BRDA:912,76,0,0
BRDA:912,76,1,0
BRDA:912,76,2,0
BRDA:919,77,0,0
BRDA:919,77,1,0
BRDA:938,78,0,0
BRDA:938,78,1,0
BRDA:943,79,0,0
BRDA:943,79,1,0
BRDA:943,80,0,0
BRDA:943,80,1,0
BRDA:964,81,0,0
BRDA:964,81,1,0
BRDA:1025,82,0,0
BRDA:1025,82,1,0
BRDA:1025,83,0,0
BRDA:1025,83,1,0
BRDA:1025,83,2,0
BRDA:1032,84,0,0
BRDA:1032,84,1,0
BRDA:1052,85,0,0
BRDA:1052,85,1,0
BRDA:1060,86,0,0
BRDA:1060,86,1,0
BRDA:1126,87,0,0
BRDA:1126,87,1,0
BRDA:1139,88,0,0
BRDA:1139,88,1,0
BRDA:1147,89,0,0
BRDA:1147,89,1,0
BRDA:1147,90,0,0
BRDA:1147,90,1,0
BRDA:1147,90,2,0
BRDA:1149,91,0,0
BRDA:1149,91,1,0
BRDA:1155,92,0,0
BRDA:1155,92,1,0
BRDA:1175,93,0,0
BRDA:1175,93,1,0
BRDA:1175,94,0,0
BRDA:1175,94,1,0
BRDA:1189,95,0,0
BRDA:1189,95,1,0
BRDA:1197,96,0,0
BRDA:1197,96,1,0
BRDA:1203,97,0,0
BRDA:1203,97,1,0
BRDA:1211,98,0,0
BRDA:1211,98,1,0
BRDA:1211,99,0,0
BRDA:1211,99,1,0
BRDA:1214,100,0,0
BRDA:1214,100,1,0
BRDA:1261,101,0,0
BRDA:1261,101,1,0
BRDA:1282,102,0,0
BRDA:1282,102,1,0
BRDA:1282,103,0,0
BRDA:1282,103,1,0
BRDA:1287,104,0,0
BRDA:1287,104,1,0
BRDA:1287,105,0,0
BRDA:1287,105,1,0
BRDA:1287,105,2,0
BRDA:1287,105,3,0
BRDA:1287,105,4,0
BRDA:1296,106,0,0
BRDA:1296,106,1,0
BRDA:1296,107,0,0
BRDA:1296,107,1,0
BRDA:1296,107,2,0
BRDA:1296,107,3,0
BRDA:1296,107,4,0
BRDA:1344,108,0,0
BRDA:1344,108,1,0
BRDA:1351,109,0,0
BRDA:1351,109,1,0
BRDA:1362,110,0,0
BRDA:1362,110,1,0
BRDA:1375,111,0,0
BRDA:1375,111,1,0
BRDA:1397,112,0,0
BRDA:1397,112,1,0
BRDA:1406,113,0,0
BRDA:1406,113,1,0
BRF:232
BRH:0
end_of_record
TN:
SF:controllers/bookings/invoiceController.js
FNF:0
FNH:0
LF:0
LH:0
BRF:0
BRH:0
end_of_record
TN:
SF:controllers/dashboard/analyticsController.js
FNF:0
FNH:0
LF:0
LH:0
BRF:0
BRH:0
end_of_record
TN:
SF:controllers/dashboard/reportController.js
FNF:0
FNH:0
LF:0
LH:0
BRF:0
BRH:0
end_of_record
TN:
SF:controllers/food/foodController.js
FN:8,(anonymous_0)
FN:32,(anonymous_1)
FN:50,(anonymous_2)
FN:72,(anonymous_3)
FN:83,(anonymous_4)
FN:107,(anonymous_5)
FN:127,(anonymous_6)
FN:139,(anonymous_7)
FN:165,(anonymous_8)
FN:176,(anonymous_9)
FN:200,(anonymous_10)
FN:226,(anonymous_11)
FNF:12
FNH:0
FNDA:0,(anonymous_0)
FNDA:0,(anonymous_1)
FNDA:0,(anonymous_2)
FNDA:0,(anonymous_3)
FNDA:0,(anonymous_4)
FNDA:0,(anonymous_5)
FNDA:0,(anonymous_6)
FNDA:0,(anonymous_7)
FNDA:0,(anonymous_8)
FNDA:0,(anonymous_9)
FNDA:0,(anonymous_10)
FNDA:0,(anonymous_11)
DA:8,0
DA:9,0
DA:11,0
DA:13,0
DA:14,0
DA:17,0
DA:18,0
DA:21,0
DA:22,0
DA:28,0
DA:32,0
DA:33,0
DA:34,0
DA:35,0
DA:36,0
DA:37,0
DA:39,0
DA:42,0
DA:50,0
DA:51,0
DA:53,0
DA:54,0
DA:58,0
DA:59,0
DA:60,0
DA:61,0
DA:62,0
DA:65,0
DA:72,0
DA:73,0
DA:75,0
DA:83,0
DA:84,0
DA:86,0
DA:87,0
DA:90,0
DA:95,0
DA:96,0
DA:99,0
DA:107,0
DA:108,0
DA:110,0
DA:111,0
DA:114,0
DA:116,0
DA:117,0
DA:120,0
DA:127,0
DA:128,0
DA:132,0
DA:139,0
DA:140,0
DA:142,0
DA:143,0
DA:146,0
DA:148,0
DA:149,0
DA:153,0
DA:158,0
DA:165,0
DA:166,0
DA:168,0
DA:176,0
DA:177,0
DA:179,0
DA:180,0
DA:183,0
DA:188,0
DA:189,0
DA:192,0
DA:200,0
DA:201,0
DA:203,0
DA:204,0
DA:208,0
DA:209,0
DA:210,0
DA:213,0
DA:215,0
DA:216,0
DA:219,0
DA:226,0
DA:227,0
DA:230,0
DA:253,0
LF:85
LH:0
BRDA:13,0,0,0
BRDA:13,0,1,0
BRDA:13,1,0,0
BRDA:13,1,1,0
BRDA:17,2,0,0
BRDA:17,2,1,0
BRDA:21,3,0,0
BRDA:21,3,1,0
BRDA:34,4,0,0
BRDA:34,4,1,0
BRDA:36,5,0,0
BRDA:36,5,1,0
BRDA:53,6,0,0
BRDA:53,6,1,0
BRDA:59,7,0,0
BRDA:59,7,1,0
BRDA:61,8,0,0
BRDA:61,8,1,0
BRDA:86,9,0,0
BRDA:86,9,1,0
BRDA:95,10,0,0
BRDA:95,10,1,0
BRDA:110,11,0,0
BRDA:110,11,1,0
BRDA:116,12,0,0
BRDA:116,12,1,0
BRDA:142,13,0,0
BRDA:142,13,1,0
BRDA:148,14,0,0
BRDA:148,14,1,0
BRDA:179,15,0,0
BRDA:179,15,1,0
BRDA:188,16,0,0
BRDA:188,16,1,0
BRDA:203,17,0,0
BRDA:203,17,1,0
BRDA:209,18,0,0
BRDA:209,18,1,0
BRDA:215,19,0,0
BRDA:215,19,1,0
BRDA:235,20,0,0
BRDA:235,20,1,0
BRDA:238,21,0,0
BRDA:238,21,1,0
BRDA:245,22,0,0
BRDA:245,22,1,0
BRDA:248,23,0,0
BRDA:248,23,1,0
BRF:48
BRH:0
end_of_record
TN:
SF:controllers/food/foodOrderController.js
FN:10,(anonymous_0)
FN:43,(anonymous_1)
FN:59,(anonymous_2)
FN:85,(anonymous_3)
FN:123,(anonymous_4)
FN:136,(anonymous_5)
FNF:6
FNH:0
FNDA:0,(anonymous_0)
FNDA:0,(anonymous_1)
FNDA:0,(anonymous_2)
FNDA:0,(anonymous_3)
FNDA:0,(anonymous_4)
FNDA:0,(anonymous_5)
DA:10,0
DA:11,0
DA:13,0
DA:15,0
DA:16,0
DA:19,0
DA:20,0
DA:23,0
DA:24,0
DA:25,0
DA:26,0
DA:27,0
DA:30,0
DA:35,0
DA:43,0
DA:44,0
DA:48,0
DA:49,0
DA:52,0
DA:59,0
DA:60,0
DA:62,0
DA:63,0
DA:64,0
DA:67,0
DA:73,0
DA:74,0
DA:77,0
DA:85,0
DA:86,0
DA:87,0
DA:88,0
DA:89,0
DA:97,0
DA:108,0
DA:110,0
DA:123,0
DA:124,0
DA:128,0
DA:136,0
DA:146,0
DA:149,0
DA:150,0
DA:153,0
DA:154,0
DA:157,0
DA:158,0
DA:161,0
DA:162,0
DA:166,0
DA:167,0
DA:168,0
DA:172,0
DA:173,0
DA:175,0
DA:176,0
DA:177,0
DA:180,0
DA:182,0
DA:183,0
DA:184,0
DA:191,0
DA:192,0
DA:193,0
DA:194,0
DA:199,0
DA:200,0
DA:204,0
DA:205,0
DA:209,0
DA:210,0
DA:213,0
DA:214,0
DA:217,0
DA:218,0
DA:219,0
DA:221,0
DA:230,0
DA:231,0
DA:232,0
DA:233,0
DA:236,0
DA:237,0
DA:241,0
DA:244,0
DA:246,0
DA:255,0
DA:267,0
DA:268,0
DA:272,0
DA:297,0
DA:298,0
DA:302,0
DA:305,0
DA:306,0
DA:308,0
DA:320,0
LF:97
LH:0
BRDA:15,0,0,0
BRDA:15,0,1,0
BRDA:15,1,0,0
BRDA:15,1,1,0
BRDA:19,2,0,0
BRDA:19,2,1,0
BRDA:23,3,0,0
BRDA:23,3,1,0
BRDA:48,4,0,0
BRDA:48,4,1,0
BRDA:63,5,0,0
BRDA:63,5,1,0
BRDA:73,6,0,0
BRDA:73,6,1,0
BRDA:108,7,0,0
BRDA:108,7,1,0
BRDA:149,8,0,0
BRDA:149,8,1,0
BRDA:149,9,0,0
BRDA:149,9,1,0
BRDA:149,9,2,0
BRDA:153,10,0,0
BRDA:153,10,1,0
BRDA:153,11,0,0
BRDA:153,11,1,0
BRDA:157,12,0,0
BRDA:157,12,1,0
BRDA:157,13,0,0
BRDA:157,13,1,0
BRDA:157,13,2,0
BRDA:157,13,3,0
BRDA:161,14,0,0
BRDA:161,14,1,0
BRDA:167,15,0,0
BRDA:167,15,1,0
BRDA:176,16,0,0
BRDA:176,16,1,0
BRDA:180,17,0,0
BRDA:180,17,1,0
BRDA:183,18,0,0
BRDA:183,18,1,0
BRDA:183,19,0,0
BRDA:183,19,1,0
BRDA:183,19,2,0
BRDA:191,20,0,0
BRDA:191,20,1,0
BRDA:192,21,0,0
BRDA:192,21,1,0
BRDA:193,22,0,0
BRDA:193,22,1,0
BRDA:199,23,0,0
BRDA:199,23,1,0
BRDA:199,24,0,0
BRDA:199,24,1,0
BRDA:204,25,0,0
BRDA:204,25,1,0
BRDA:204,26,0,0
BRDA:204,26,1,0
BRDA:209,27,0,0
BRDA:209,27,1,0
BRDA:213,28,0,0
BRDA:213,28,1,0
BRDA:217,29,0,0
BRDA:217,29,1,0
BRDA:232,30,0,0
BRDA:232,30,1,0
BRDA:236,31,0,0
BRDA:236,31,1,0
BRDA:244,32,0,0
BRDA:244,32,1,0
BRDA:267,33,0,0
BRDA:267,33,1,0
BRDA:267,34,0,0
BRDA:267,34,1,0
BRDA:285,35,0,0
BRDA:285,35,1,0
BRDA:286,36,0,0
BRDA:286,36,1,0
BRDA:289,37,0,0
BRDA:289,37,1,0
BRDA:292,38,0,0
BRDA:292,38,1,0
BRDA:293,39,0,0
BRDA:293,39,1,0
BRDA:293,40,0,0
BRDA:293,40,1,0
BRDA:297,41,0,0
BRDA:297,41,1,0
BRDA:297,42,0,0
BRDA:297,42,1,0
BRDA:310,43,0,0
BRDA:310,43,1,0
BRF:92
BRH:0
end_of_record
TN:
SF:controllers/food/foodReviewController.js
FN:6,(anonymous_0)
FN:51,(anonymous_1)
FN:75,(anonymous_2)
FN:116,(anonymous_3)
FN:143,(anonymous_4)
FN:171,(anonymous_5)
FN:199,(anonymous_6)
FNF:7
FNH:0
FNDA:0,(anonymous_0)
FNDA:0,(anonymous_1)
FNDA:0,(anonymous_2)
FNDA:0,(anonymous_3)
FNDA:0,(anonymous_4)
FNDA:0,(anonymous_5)
FNDA:0,(anonymous_6)
DA:6,0
DA:7,0
DA:8,0
DA:9,0
DA:12,0
DA:13,0
DA:17,0
DA:18,0
DA:19,0
DA:23,0
DA:24,0
DA:28,0
DA:29,0
DA:33,0
DA:41,0
DA:43,0
DA:51,0
DA:52,0
DA:54,0
DA:58,0
DA:59,0
DA:63,0
DA:65,0
DA:68,0
DA:75,0
DA:76,0
DA:78,0
DA:80,0
DA:81,0
DA:82,0
DA:83,0
DA:86,0
DA:87,0
DA:88,0
DA:89,0
DA:92,0
DA:94,0
DA:101,0
DA:103,0
DA:116,0
DA:117,0
DA:118,0
DA:120,0
DA:121,0
DA:122,0
DA:125,0
DA:126,0
DA:129,0
DA:130,0
DA:133,0
DA:135,0
DA:143,0
DA:144,0
DA:145,0
DA:147,0
DA:148,0
DA:149,0
DA:153,0
DA:154,0
DA:156,0
DA:157,0
DA:161,0
DA:162,0
DA:164,0
DA:171,0
DA:172,0
DA:197,0
DA:198,0
DA:199,0
DA:200,0
DA:204,0
DA:218,0
LF:72
LH:0
BRDA:12,0,0,0
BRDA:12,0,1,0
BRDA:12,1,0,0
BRDA:12,1,1,0
BRDA:12,1,2,0
BRDA:18,2,0,0
BRDA:18,2,1,0
BRDA:23,3,0,0
BRDA:23,3,1,0
BRDA:28,4,0,0
BRDA:28,4,1,0
BRDA:35,5,0,0
BRDA:35,5,1,0
BRDA:58,6,0,0
BRDA:58,6,1,0
BRDA:63,7,0,0
BRDA:63,7,1,0
BRDA:63,8,0,0
BRDA:63,8,1,0
BRDA:63,8,2,0
BRDA:70,9,0,0
BRDA:70,9,1,0
BRDA:76,10,0,0
BRDA:76,11,0,0
BRDA:80,12,0,0
BRDA:80,12,1,0
BRDA:82,13,0,0
BRDA:82,13,1,0
BRDA:86,14,0,0
BRDA:86,14,1,0
BRDA:88,15,0,0
BRDA:88,15,1,0
BRDA:121,16,0,0
BRDA:121,16,1,0
BRDA:121,17,0,0
BRDA:121,17,1,0
BRDA:125,18,0,0
BRDA:125,18,1,0
BRDA:129,19,0,0
BRDA:129,19,1,0
BRDA:148,20,0,0
BRDA:148,20,1,0
BRDA:148,21,0,0
BRDA:148,21,1,0
BRDA:156,22,0,0
BRDA:156,22,1,0
BRDA:156,23,0,0
BRDA:156,23,1,0
BRDA:198,24,0,0
BRDA:198,24,1,0
BRDA:200,25,0,0
BRDA:200,25,1,0
BRDA:204,26,0,0
BRDA:204,26,1,0
BRF:54
BRH:0
end_of_record
TN:
SF:controllers/food/menuController.js
FN:8,(anonymous_0)
FN:73,(anonymous_1)
FN:118,(anonymous_2)
FN:164,(anonymous_3)
FN:262,(anonymous_4)
FN:304,(anonymous_5)
FN:339,(anonymous_6)
FN:367,(anonymous_7)
FN:412,(anonymous_8)
FN:453,(anonymous_9)
FN:479,(anonymous_10)
FN:505,(anonymous_11)
FN:532,(anonymous_12)
FN:567,(anonymous_13)
FNF:14
FNH:0
FNDA:0,(anonymous_0)
FNDA:0,(anonymous_1)
FNDA:0,(anonymous_2)
FNDA:0,(anonymous_3)
FNDA:0,(anonymous_4)
FNDA:0,(anonymous_5)
FNDA:0,(anonymous_6)
FNDA:0,(anonymous_7)
FNDA:0,(anonymous_8)
FNDA:0,(anonymous_9)
FNDA:0,(anonymous_10)
FNDA:0,(anonymous_11)
FNDA:0,(anonymous_12)
FNDA:0,(anonymous_13)
DA:8,0
DA:9,0
DA:22,0
DA:25,0
DA:27,0
DA:28,0
DA:31,0
DA:32,0
DA:39,0
DA:40,0
DA:41,0
DA:42,0
DA:45,0
DA:46,0
DA:47,0
DA:50,0
DA:51,0
DA:54,0
DA:55,0
DA:59,0
DA:60,0
DA:63,0
DA:66,0
DA:73,0
DA:74,0
DA:77,0
DA:78,0
DA:79,0
DA:80,0
DA:81,0
DA:82,0
DA:84,0
DA:87,0
DA:91,0
DA:92,0
DA:94,0
DA:108,0
DA:109,0
DA:118,0
DA:119,0
DA:120,0
DA:123,0
DA:127,0
DA:131,0
DA:132,0
DA:139,0
DA:140,0
DA:141,0
DA:142,0
DA:143,0
DA:144,0
DA:146,0
DA:149,0
DA:154,0
DA:155,0
DA:164,0
DA:165,0
DA:182,0
DA:185,0
DA:186,0
DA:193,0
DA:194,0
DA:195,0
DA:202,0
DA:203,0
DA:205,0
DA:206,0
DA:208,0
DA:213,0
DA:214,0
DA:216,0
DA:222,0
DA:241,0
DA:244,0
DA:246,0
DA:252,0
DA:253,0
DA:262,0
DA:263,0
DA:264,0
DA:265,0
DA:268,0
DA:269,0
DA:270,0
DA:273,0
DA:274,0
DA:275,0
DA:276,0
DA:284,0
DA:285,0
DA:287,0
DA:292,0
DA:293,0
DA:297,0
DA:303,0
DA:304,0
DA:310,0
DA:316,0
DA:317,0
DA:323,0
DA:329,0
DA:330,0
DA:339,0
DA:340,0
DA:341,0
DA:343,0
DA:345,0
DA:346,0
DA:352,0
DA:357,0
DA:358,0
DA:367,0
DA:368,0
DA:369,0
DA:372,0
DA:373,0
DA:380,0
DA:381,0
DA:382,0
DA:389,0
DA:394,0
DA:396,0
DA:402,0
DA:403,0
DA:412,0
DA:413,0
DA:414,0
DA:438,0
DA:443,0
DA:444,0
DA:453,0
DA:454,0
DA:455,0
DA:464,0
DA:469,0
DA:470,0
DA:479,0
DA:480,0
DA:481,0
DA:490,0
DA:495,0
DA:496,0
DA:505,0
DA:506,0
DA:507,0
DA:508,0
DA:511,0
DA:513,0
DA:514,0
DA:520,0
DA:525,0
DA:527,0
DA:532,0
DA:533,0
DA:536,0
DA:537,0
DA:538,0
DA:539,0
DA:540,0
DA:541,0
DA:543,0
DA:546,0
DA:549,0
DA:551,0
DA:557,0
DA:558,0
DA:567,0
DA:568,0
DA:569,0
DA:571,0
DA:572,0
DA:578,0
DA:579,0
DA:581,0
DA:582,0
DA:584,0
DA:585,0
DA:586,0
DA:587,0
DA:591,0
DA:610,0
DA:611,0
DA:612,0
DA:614,0
DA:621,0
DA:628,0
DA:629,0
LF:187
LH:0
BRDA:18,0,0,0
BRDA:19,1,0,0
BRDA:20,2,0,0
BRDA:21,3,0,0
BRDA:27,4,0,0
BRDA:27,4,1,0
BRDA:27,5,0,0
BRDA:27,5,1,0
BRDA:31,6,0,0
BRDA:31,6,1,0
BRDA:39,7,0,0
BRDA:39,7,1,0
BRDA:39,8,0,0
BRDA:39,8,1,0
BRDA:41,9,0,0
BRDA:41,9,1,0
BRDA:42,10,0,0
BRDA:42,10,1,0
BRDA:45,11,0,0
BRDA:45,11,1,0
BRDA:50,12,0,0
BRDA:50,12,1,0
BRDA:54,13,0,0
BRDA:54,13,1,0
BRDA:60,14,0,0
BRDA:60,14,1,0
BRDA:77,15,0,0
BRDA:77,15,1,0
BRDA:79,16,0,0
BRDA:79,16,1,0
BRDA:79,17,0,0
BRDA:79,17,1,0
BRDA:81,18,0,0
BRDA:81,18,1,0
BRDA:81,19,0,0
BRDA:81,19,1,0
BRDA:84,20,0,0
BRDA:84,20,1,0
BRDA:123,21,0,0
BRDA:123,21,1,0
BRDA:131,22,0,0
BRDA:131,22,1,0
BRDA:139,23,0,0
BRDA:139,23,1,0
BRDA:141,24,0,0
BRDA:141,24,1,0
BRDA:141,25,0,0
BRDA:141,25,1,0
BRDA:143,26,0,0
BRDA:143,26,1,0
BRDA:143,27,0,0
BRDA:143,27,1,0
BRDA:146,28,0,0
BRDA:146,28,1,0
BRDA:185,29,0,0
BRDA:185,29,1,0
BRDA:185,30,0,0
BRDA:185,30,1,0
BRDA:185,30,2,0
BRDA:185,30,3,0
BRDA:194,31,0,0
BRDA:194,31,1,0
BRDA:202,32,0,0
BRDA:202,32,1,0
BRDA:205,33,0,0
BRDA:205,33,1,0
BRDA:229,34,0,0
BRDA:229,34,1,0
BRDA:230,35,0,0
BRDA:230,35,1,0
BRDA:231,36,0,0
BRDA:231,36,1,0
BRDA:232,37,0,0
BRDA:232,37,1,0
BRDA:233,38,0,0
BRDA:233,38,1,0
BRDA:234,39,0,0
BRDA:234,39,1,0
BRDA:235,40,0,0
BRDA:235,40,1,0
BRDA:273,41,0,0
BRDA:273,41,1,0
BRDA:275,42,0,0
BRDA:275,42,1,0
BRDA:284,43,0,0
BRDA:284,43,1,0
BRDA:303,44,0,0
BRDA:303,44,1,0
BRDA:303,45,0,0
BRDA:303,45,1,0
BRDA:306,46,0,0
BRDA:306,46,1,0
BRDA:316,47,0,0
BRDA:316,47,1,0
BRDA:345,48,0,0
BRDA:345,48,1,0
BRDA:372,49,0,0
BRDA:372,49,1,0
BRDA:381,50,0,0
BRDA:381,50,1,0
BRDA:508,51,0,0
BRDA:513,52,0,0
BRDA:513,52,1,0
BRDA:536,53,0,0
BRDA:536,53,1,0
BRDA:538,54,0,0
BRDA:538,54,1,0
BRDA:538,55,0,0
BRDA:538,55,1,0
BRDA:540,56,0,0
BRDA:540,56,1,0
BRDA:540,57,0,0
BRDA:540,57,1,0
BRDA:543,58,0,0
BRDA:543,58,1,0
BRDA:571,59,0,0
BRDA:571,59,1,0
BRDA:571,60,0,0
BRDA:571,60,1,0
BRDA:585,61,0,0
BRDA:585,61,1,0
BRDA:593,62,0,0
BRDA:593,62,1,0
BRDA:594,63,0,0
BRDA:594,63,1,0
BRDA:596,64,0,0
BRDA:596,64,1,0
BRDA:596,65,0,0
BRDA:596,65,1,0
BRDA:596,66,0,0
BRDA:596,66,1,0
BRDA:597,67,0,0
BRDA:597,67,1,0
BRDA:597,68,0,0
BRDA:597,68,1,0
BRDA:598,69,0,0
BRDA:598,69,1,0
BRDA:599,70,0,0
BRDA:599,70,1,0
BRDA:600,71,0,0
BRDA:600,71,1,0
BRDA:601,72,0,0
BRDA:601,72,1,0
BRDA:602,73,0,0
BRDA:602,73,1,0
BRDA:603,74,0,0
BRDA:603,74,1,0
BRDA:604,75,0,0
BRDA:604,75,1,0
BRDA:604,76,0,0
BRDA:604,76,1,0
BRDA:625,77,0,0
BRDA:625,77,1,0
BRF:153
BRH:0
end_of_record
TN:
SF:controllers/menu/categoryController.js
FN:8,(anonymous_0)
FN:35,(anonymous_1)
FN:63,(anonymous_2)
FN:102,(anonymous_3)
FN:152,(anonymous_4)
FN:193,(anonymous_5)
FNF:6
FNH:0
FNDA:0,(anonymous_0)
FNDA:0,(anonymous_1)
FNDA:0,(anonymous_2)
FNDA:0,(anonymous_3)
FNDA:0,(anonymous_4)
FNDA:0,(anonymous_5)
DA:8,0
DA:9,0
DA:10,0
DA:11,0
DA:13,0
DA:17,0
DA:23,0
DA:24,0
DA:35,0
DA:36,0
DA:37,0
DA:39,0
DA:40,0
DA:46,0
DA:51,0
DA:52,0
DA:63,0
DA:64,0
DA:65,0
DA:66,0
DA:67,0
DA:74,0
DA:76,0
DA:82,0
DA:84,0
DA:85,0
DA:91,0
DA:102,0
DA:103,0
DA:104,0
DA:105,0
DA:106,0
DA:113,0
DA:119,0
DA:120,0
DA:126,0
DA:132,0
DA:134,0
DA:135,0
DA:141,0
DA:152,0
DA:153,0
DA:154,0
DA:156,0
DA:157,0
DA:164,0
DA:165,0
DA:167,0
DA:168,0
DA:174,0
DA:176,0
DA:181,0
DA:182,0
DA:193,0
DA:194,0
DA:195,0
DA:197,0
DA:198,0
DA:204,0
DA:205,0
DA:207,0
DA:213,0
DA:214,0
LF:63
LH:0
BRDA:11,0,0,0
BRDA:11,0,1,0
BRDA:39,1,0,0
BRDA:39,1,1,0
BRDA:66,2,0,0
BRDA:66,2,1,0
BRDA:84,3,0,0
BRDA:84,3,1,0
BRDA:105,4,0,0
BRDA:105,4,1,0
BRDA:119,5,0,0
BRDA:119,5,1,0
BRDA:134,6,0,0
BRDA:134,6,1,0
BRDA:156,7,0,0
BRDA:156,7,1,0
BRDA:167,8,0,0
BRDA:167,8,1,0
BRDA:197,9,0,0
BRDA:197,9,1,0
BRDA:209,10,0,0
BRDA:209,10,1,0
BRF:22
BRH:0
end_of_record
TN:
SF:controllers/menu/foodController.js
FN:9,(anonymous_0)
FN:48,(anonymous_1)
FN:88,(anonymous_2)
FN:134,(anonymous_3)
FN:175,(anonymous_4)
FN:190,(anonymous_5)
FNF:6
FNH:0
FNDA:0,(anonymous_0)
FNDA:0,(anonymous_1)
FNDA:0,(anonymous_2)
FNDA:0,(anonymous_3)
FNDA:0,(anonymous_4)
FNDA:0,(anonymous_5)
DA:9,0
DA:10,0
DA:19,0
DA:22,0
DA:24,0
DA:25,0
DA:27,0
DA:28,0
DA:29,0
DA:32,0
DA:33,0
DA:39,0
DA:41,0
DA:48,0
DA:49,0
DA:52,0
DA:53,0
DA:54,0
DA:55,0
DA:56,0
DA:57,0
DA:59,0
DA:62,0
DA:65,0
DA:67,0
DA:76,0
DA:77,0
DA:88,0
DA:89,0
DA:91,0
DA:116,0
DA:122,0
DA:123,0
DA:134,0
DA:135,0
DA:136,0
DA:139,0
DA:140,0
DA:147,0
DA:148,0
DA:149,0
DA:150,0
DA:151,0
DA:152,0
DA:153,0
DA:155,0
DA:158,0
DA:163,0
DA:164,0
DA:175,0
DA:176,0
DA:177,0
DA:178,0
DA:180,0
DA:185,0
DA:190,0
DA:191,0
DA:194,0
DA:195,0
DA:196,0
DA:197,0
DA:198,0
DA:199,0
DA:201,0
DA:204,0
DA:207,0
DA:213,0
DA:214,0
LF:68
LH:0
[...]
BRDA:55,7,0,0
BRDA:55,7,1,0
BRDA:61,8,0,0
BRDA:67,9,0,0
BRDA:67,9,1,0
BRDA:73,10,0,0
BRDA:73,10,1,0
BRDA:79,11,0,0
BRDA:79,11,1,0
BRDA:79,12,0,0
BRDA:79,12,1,0
BRDA:79,12,2,0
BRDA:79,12,3,0
BRDA:79,12,4,0
BRDA:79,12,5,0
BRDA:89,13,0,0
BRDA:89,13,1,0
BRDA:89,13,2,0
BRDA:90,14,0,0
BRDA:90,14,1,0
BRDA:91,15,0,0
BRDA:91,15,1,0
BRDA:93,16,0,0
BRDA:93,16,1,0
BRDA:94,17,0,0
BRDA:94,17,1,0
BRDA:95,18,0,0
BRDA:95,18,1,0
BRDA:98,19,0,0
BRDA:98,19,1,0
BRDA:109,20,0,0
BRDA:109,20,1,0
BRDA:110,21,0,0
BRDA:110,21,1,0
BRDA:111,22,0,0
BRDA:111,22,1,0
BRDA:111,22,2,0
BRDA:112,23,0,0
BRDA:112,23,1,0
BRDA:112,23,2,0
BRDA:117,24,0,0
BRDA:117,24,1,0
BRDA:117,25,0,0
BRDA:117,25,1,0
BRDA:118,26,0,0
BRDA:118,26,1,0
BRDA:122,27,0,0
BRDA:122,27,1,0
BRDA:123,28,0,0
BRDA:123,28,1,0
BRDA:124,29,0,0
BRDA:124,29,1,0
BRDA:127,30,0,0
BRDA:127,30,1,0
BRDA:142,31,0,0
BRDA:142,31,1,0
BRDA:144,32,0,0
BRDA:144,32,1,0
BRDA:153,33,0,0
BRDA:153,33,1,0
BRDA:155,34,0,0
BRDA:155,34,1,0
BRDA:165,35,0,0
BRDA:165,35,1,0
BRDA:167,36,0,0
BRDA:167,36,1,0
BRDA:168,37,0,0
BRDA:168,37,1,0
BRDA:169,38,0,0
BRDA:169,38,1,0
BRDA:182,39,0,0
BRDA:182,39,1,0
BRDA:183,40,0,0
BRDA:183,40,1,0
BRDA:185,41,0,0
BRDA:185,41,1,0
BRDA:185,42,0,0
BRDA:185,42,1,0
BRDA:186,43,0,0
BRDA:186,43,1,0
BRDA:186,44,0,0
BRDA:186,44,1,0
BRDA:190,45,0,0
BRDA:190,45,1,0
BRDA:208,46,0,0
BRDA:214,47,0,0
BRDA:214,47,1,0
BRDA:218,48,0,0
BRDA:218,48,1,0
BRDA:218,49,0,0
BRDA:218,49,1,0
BRDA:224,50,0,0
BRDA:224,50,1,0
BRDA:224,51,0,0
BRDA:224,51,1,0
BRDA:224,51,2,0
BRDA:224,51,3,0
BRDA:227,52,0,0
BRDA:227,52,1,0
BRDA:227,53,0,0
BRDA:227,53,1,0
BRDA:261,54,0,0
BRDA:267,55,0,0
BRDA:267,55,1,0
BRDA:271,56,0,0
BRDA:271,56,1,0
BRDA:283,57,0,0
BRDA:283,57,1,0
BRDA:319,58,0,0
BRDA:325,59,0,0
BRDA:325,59,1,0
BRDA:329,60,0,0
BRDA:329,60,1,0
BRDA:367,61,0,0
BRDA:367,61,1,0
BRDA:404,62,0,0
BRDA:404,62,1,0
BRDA:417,63,0,0
BRDA:419,64,0,0
BRDA:419,65,0,0
BRDA:422,66,0,0
BRDA:422,66,1,0
BRF:136
BRH:0
end_of_record
TN:
SF:services/payment/paymentService.js
FN:9,(anonymous_0)
FN:22,(anonymous_1)
FN:25,(anonymous_2)
FN:40,(anonymous_3)
FN:137,(anonymous_4)
FN:184,(anonymous_5)
FN:201,(anonymous_6)
FN:226,(anonymous_7)
FN:256,(anonymous_8)
FNF:9
FNH:0
FNDA:0,(anonymous_0)
FNDA:0,(anonymous_1)
FNDA:0,(anonymous_2)
FNDA:0,(anonymous_3)
FNDA:0,(anonymous_4)
FNDA:0,(anonymous_5)
FNDA:0,(anonymous_6)
FNDA:0,(anonymous_7)
FNDA:0,(anonymous_8)
DA:10,0
DA:11,0
DA:12,0
DA:14,0
DA:23,0
DA:24,0
DA:25,0
DA:28,0
DA:41,0
DA:48,0
DA:51,0
DA:52,0
DA:56,0
DA:67,0
DA:69,0
DA:76,0
DA:88,0
DA:91,0
DA:97,0
DA:107,0
DA:114,0
DA:115,0
DA:116,0
DA:124,0
DA:138,0
DA:139,0
DA:145,0
DA:147,0
DA:158,0
DA:166,0
DA:171,0
DA:185,0
DA:186,0
DA:187,0
DA:189,0
DA:192,0
DA:208,0
DA:211,0
DA:212,0
DA:215,0
DA:227,0
DA:228,0
DA:234,0
DA:235,0
DA:237,0
DA:238,0
DA:241,0
DA:242,0
DA:245,0
DA:257,0
LF:50
LH:0
BRDA:13,0,0,0
BRDA:13,0,1,0
BRDA:47,1,0,0
BRDA:51,2,0,0
BRDA:51,2,1,0
BRDA:51,3,0,0
BRDA:51,3,1,0
BRDA:61,4,0,0
BRDA:61,4,1,0
BRDA:62,5,0,0
BRDA:62,5,1,0
BRDA:114,6,0,0
BRDA:114,6,1,0
BRDA:118,7,0,0
BRDA:118,7,1,0
BRDA:126,8,0,0
BRDA:126,8,1,0
BRDA:173,9,0,0
BRDA:173,9,1,0
BRDA:211,10,0,0
BRDA:211,10,1,0
BRDA:218,11,0,0
BRDA:218,11,1,0
BRDA:237,12,0,0
BRDA:237,12,1,0
BRDA:241,13,0,0
BRDA:241,13,1,0
BRF:27
BRH:0
end_of_record
TN:
SF:services/payment/refundService.js
FN:16,(anonymous_0)
FN:96,(anonymous_1)
FN:152,(anonymous_2)
FN:182,(anonymous_3)
FN:208,(anonymous_4)
FN:259,(anonymous_5)
FNF:6
FNH:0
FNDA:0,(anonymous_0)
FNDA:0,(anonymous_1)
FNDA:0,(anonymous_2)
FNDA:0,(anonymous_3)
FNDA:0,(anonymous_4)
FNDA:0,(anonymous_5)
DA:17,0
DA:19,0
DA:23,0
DA:24,0
DA:28,0
DA:29,0
DA:30,0
DA:34,0
DA:38,0
DA:39,0
DA:40,0
DA:44,0
DA:46,0
DA:47,0
DA:48,0
DA:52,0
DA:63,0
DA:66,0
DA:82,0
DA:83,0
DA:86,0
DA:87,0
DA:97,0
DA:99,0
DA:100,0
DA:102,0
DA:103,0
DA:106,0
DA:109,0
DA:110,0
DA:111,0
DA:114,0
DA:116,0
DA:117,0
DA:119,0
DA:120,0
DA:122,0
DA:126,0
DA:127,0
DA:128,0
DA:129,0
DA:132,0
DA:135,0
DA:136,0
DA:138,0
DA:139,0
DA:142,0
DA:143,0
DA:153,0
DA:154,0
DA:156,0
DA:157,0
DA:160,0
DA:161,0
DA:162,0
DA:163,0
DA:166,0
DA:168,0
DA:171,0
DA:178,0
DA:182,0
DA:186,0
DA:194,0
DA:197,0
DA:198,0
DA:209,0
DA:210,0
DA:214,0
DA:215,0
DA:218,0
DA:219,0
DA:222,0
DA:223,0
DA:224,0
DA:226,0
DA:229,0
DA:244,0
DA:247,0
DA:248,0
DA:260,0
DA:261,0
DA:265,0
DA:266,0
DA:269,0
DA:270,0
DA:273,0
DA:274,0
DA:275,0
DA:276,0
DA:278,0
DA:281,0
DA:295,0
DA:298,0
DA:299,0
LF:94
LH:0
BRDA:16,0,0,0
BRDA:19,1,0,0
BRDA:19,1,1,0
BRDA:23,2,0,0
BRDA:23,2,1,0
BRDA:28,3,0,0
BRDA:28,3,1,0
BRDA:38,4,0,0
BRDA:38,4,1,0
BRDA:46,5,0,0
BRDA:46,5,1,0
BRDA:57,6,0,0
BRDA:57,6,1,0
BRDA:58,7,0,0
BRDA:58,7,1,0
BRDA:102,8,0,0
BRDA:102,8,1,0
BRDA:114,9,0,0
BRDA:114,9,1,0
BRDA:117,10,0,0
BRDA:117,10,1,0
BRDA:120,11,0,0
BRDA:120,11,1,0
BRDA:126,12,0,0
BRDA:126,12,1,0
BRDA:128,13,0,0
BRDA:128,13,1,0
BRDA:135,14,0,0
BRDA:135,14,1,0
BRDA:152,15,0,0
BRDA:156,16,0,0
BRDA:156,16,1,0
BRDA:160,17,0,0
BRDA:160,17,1,0
BRDA:160,18,0,0
BRDA:160,18,1,0
BRDA:162,19,0,0
BRDA:162,19,1,0
BRDA:163,20,0,0
BRDA:163,20,1,0
BRDA:166,21,0,0
BRDA:166,21,1,0
BRDA:214,22,0,0
BRDA:214,22,1,0
BRDA:218,23,0,0
BRDA:218,23,1,0
BRDA:265,24,0,0
BRDA:265,24,1,0
BRDA:269,25,0,0
BRDA:269,25,1,0
BRF:50
BRH:0
end_of_record
TN:
SF:services/rooms/roomService.js
FN:9,(anonymous_0)
FN:16,(anonymous_1)
FN:36,(anonymous_2)
FN:53,(anonymous_3)
FN:95,(anonymous_4)
FN:137,(anonymous_5)
FN:192,(anonymous_6)
FN:236,(anonymous_7)
FN:297,(anonymous_8)
FN:308,(anonymous_9)
FN:323,(anonymous_10)
FN:346,(anonymous_11)
FN:374,(anonymous_12)
FN:399,(anonymous_13)
FN:460,(anonymous_14)
FNF:15
FNH:0
FNDA:0,(anonymous_0)
FNDA:0,(anonymous_1)
FNDA:0,(anonymous_2)
FNDA:0,(anonymous_3)
FNDA:0,(anonymous_4)
FNDA:0,(anonymous_5)
FNDA:0,(anonymous_6)
FNDA:0,(anonymous_7)
FNDA:0,(anonymous_8)
FNDA:0,(anonymous_9)
FNDA:0,(anonymous_10)
FNDA:0,(anonymous_11)
FNDA:0,(anonymous_12)
FNDA:0,(anonymous_13)
FNDA:0,(anonymous_14)
DA:10,0
DA:11,0
DA:12,0
DA:17,0
DA:18,0
DA:19,0
DA:20,0
DA:21,0
DA:23,0
DA:24,0
DA:32,0
DA:37,0
DA:38,0
DA:39,0
DA:40,0
DA:41,0
DA:44,0
DA:45,0
DA:46,0
DA:50,0
DA:51,0
DA:53,0
DA:54,0
DA:61,0
DA:62,0
DA:69,0
DA:92,0
DA:93,0
DA:95,0
DA:107,0
DA:108,0
DA:109,0
DA:110,0
DA:119,0
DA:120,0
DA:121,0
DA:128,0
DA:131,0
DA:132,0
DA:138,0
DA:139,0
DA:140,0
DA:142,0
DA:143,0
DA:147,0
DA:150,0
DA:151,0
DA:152,0
DA:154,0
DA:156,0
DA:158,0
DA:159,0
DA:160,0
DA:161,0
DA:163,0
DA:165,0
DA:166,0
DA:168,0
DA:183,0
DA:186,0
DA:187,0
DA:193,0
DA:194,0
DA:196,0
DA:197,0
DA:198,0
DA:200,0
DA:201,0
DA:202,0
DA:205,0
DA:206,0
DA:207,0
DA:210,0
DA:212,0
DA:230,0
DA:231,0
DA:237,0
DA:238,0
DA:240,0
DA:241,0
DA:244,0
DA:247,0
DA:250,0
DA:252,0
DA:253,0
DA:260,0
DA:261,0
DA:262,0
DA:263,0
DA:264,0
DA:273,0
DA:274,0
DA:275,0
DA:277,0
DA:278,0
DA:279,0
DA:280,0
DA:288,0
DA:291,0
DA:292,0
DA:298,0
DA:299,0
DA:301,0
DA:302,0
DA:305,0
DA:308,0
DA:309,0
DA:314,0
DA:315,0
DA:323,0
DA:324,0
DA:329,0
DA:330,0
DA:337,0
DA:340,0
DA:341,0
DA:347,0
DA:348,0
DA:350,0
DA:351,0
DA:354,0
DA:355,0
DA:356,0
DA:359,0
DA:368,0
DA:369,0
DA:375,0
DA:376,0
DA:386,0
DA:387,0
DA:390,0
DA:393,0
DA:394,0
DA:400,0
DA:401,0
DA:403,0
DA:405,0
DA:406,0
DA:407,0
DA:408,0
DA:411,0
DA:412,0
DA:415,0
DA:451,0
DA:454,0
DA:455,0
DA:461,0
DA:462,0
LF:148
LH:0
BRDA:18,0,0,0
BRDA:18,0,1,0
BRDA:18,1,0,0
BRDA:18,1,1,0
BRDA:36,2,0,0
BRDA:41,3,0,0
BRDA:41,3,1,0
BRDA:45,4,0,0
BRDA:45,4,1,0
BRDA:54,5,0,0
BRDA:54,5,1,0
BRDA:54,5,2,0
BRDA:61,6,0,0
BRDA:61,6,1,0
BRDA:61,7,0,0
BRDA:61,7,1,0
BRDA:72,8,0,0
BRDA:72,8,1,0
BRDA:92,9,0,0
BRDA:92,9,1,0
BRDA:107,10,0,0
BRDA:107,10,1,0
BRDA:109,11,0,0
BRDA:109,11,1,0
BRDA:120,12,0,0
BRDA:120,12,1,0
BRDA:137,13,0,0
BRDA:142,14,0,0
BRDA:142,14,1,0
BRDA:150,15,0,0
BRDA:150,15,1,0
BRDA:151,16,0,0
BRDA:151,16,1,0
BRDA:152,17,0,0
BRDA:152,17,1,0
BRDA:163,18,0,0
BRDA:163,18,1,0
BRDA:166,19,0,0
BRDA:166,19,1,0
BRDA:192,20,0,0
BRDA:197,21,0,0
BRDA:197,21,1,0
BRDA:198,22,0,0
BRDA:198,22,1,0
BRDA:206,23,0,0
BRDA:206,23,1,0
BRDA:206,24,0,0
BRDA:206,24,1,0
BRDA:220,25,0,0
BRDA:220,25,1,0
BRDA:240,26,0,0
BRDA:240,26,1,0
BRDA:250,27,0,0
BRDA:250,27,1,0
BRDA:252,28,0,0
BRDA:252,28,1,0
BRDA:261,29,0,0
BRDA:261,29,1,0
BRDA:261,30,0,0
BRDA:261,30,1,0
BRDA:262,31,0,0
BRDA:262,31,1,0
BRDA:262,32,0,0
BRDA:262,32,1,0
BRDA:263,33,0,0
BRDA:263,33,1,0
BRDA:274,34,0,0
BRDA:274,34,1,0
BRDA:275,35,0,0
BRDA:275,35,1,0
BRDA:277,36,0,0
BRDA:277,36,1,0
BRDA:277,37,0,0
BRDA:277,37,1,0
BRDA:278,38,0,0
BRDA:278,38,1,0
BRDA:278,39,0,0
BRDA:278,39,1,0
BRDA:279,40,0,0
BRDA:279,40,1,0
BRDA:301,41,0,0
BRDA:301,41,1,0
BRDA:309,42,0,0
BRDA:309,42,1,0
BRDA:309,42,2,0
BRDA:314,43,0,0
BRDA:314,43,1,0
BRDA:324,44,0,0
BRDA:324,44,1,0
BRDA:324,44,2,0
BRDA:329,45,0,0
BRDA:329,45,1,0
BRDA:350,46,0,0
BRDA:350,46,1,0
BRDA:355,47,0,0
BRDA:355,47,1,0
BRDA:355,48,0,0
BRDA:355,48,1,0
BRDA:362,49,0,0
BRDA:362,49,1,0
BRDA:362,50,0,0
BRDA:362,50,1,0
BRDA:374,51,0,0
BRDA:386,52,0,0
BRDA:386,52,1,0
BRDA:399,53,0,0
BRDA:405,54,0,0
BRDA:405,54,1,0
BRDA:405,55,0,0
BRDA:405,55,1,0
BRDA:407,56,0,0
BRDA:407,56,1,0
BRDA:408,57,0,0
BRDA:408,57,1,0
BRDA:411,58,0,0
BRDA:411,58,1,0
BRDA:430,59,0,0
BRDA:430,59,1,0
BRF:118
BRH:0
end_of_record
TN:
SF:services/validation/refundValidationService.js
FN:15,(anonymous_0)
FN:119,(anonymous_1)
FN:169,(anonymous_2)
FN:235,(anonymous_3)
FN:284,(anonymous_4)
FN:340,(anonymous_5)
FN:374,(anonymous_6)
FN:431,(anonymous_7)
FN:478,(anonymous_8)
FN:479,(anonymous_9)
FN:480,(anonymous_10)
FN:484,(anonymous_11)
FNF:12
FNH:0
FNDA:0,(anonymous_0)
FNDA:0,(anonymous_1)
FNDA:0,(anonymous_2)
FNDA:0,(anonymous_3)
FNDA:0,(anonymous_4)
FNDA:0,(anonymous_5)
FNDA:0,(anonymous_6)
FNDA:0,(anonymous_7)
FNDA:0,(anonymous_8)
FNDA:0,(anonymous_9)
FNDA:0,(anonymous_10)
FNDA:0,(anonymous_11)
DA:16,0
DA:17,0
DA:19,0
DA:28,0
DA:31,0
DA:32,0
DA:33,0
DA:34,0
DA:35,0
DA:36,0
DA:40,0
DA:41,0
DA:42,0
DA:43,0
DA:44,0
DA:45,0
DA:48,0
DA:51,0
DA:57,0
DA:59,0
DA:61,0
DA:62,0
DA:70,0
DA:71,0
DA:72,0
DA:73,0
DA:74,0
DA:75,0
DA:80,0
DA:81,0
DA:82,0
DA:83,0
DA:86,0
DA:87,0
DA:91,0
DA:92,0
DA:98,0
DA:104,0
DA:105,0
DA:111,0
DA:112,0
DA:118,0
DA:119,0
DA:120,0
DA:121,0
DA:125,0
DA:131,0
DA:137,0
DA:138,0
DA:141,0
DA:149,0
DA:155,0
DA:170,0
DA:171,0
DA:173,0
DA:175,0
DA:176,0
DA:180,0
DA:181,0
DA:182,0
DA:183,0
DA:184,0
DA:188,0
DA:192,0
DA:198,0
DA:200,0
DA:202,0
DA:203,0
DA:208,0
DA:214,0
DA:220,0
DA:236,0
DA:237,0
DA:239,0
DA:241,0
DA:242,0
DA:246,0
DA:247,0
DA:251,0
DA:252,0
DA:253,0
DA:254,0
DA:255,0
DA:258,0
DA:264,0
DA:270,0
DA:285,0
DA:286,0
DA:288,0
DA:290,0
DA:291,0
DA:295,0
DA:296,0
DA:300,0
DA:301,0
DA:305,0
DA:306,0
DA:307,0
DA:309,0
DA:310,0
DA:316,0
DA:322,0
DA:328,0
DA:341,0
DA:342,0
DA:343,0
DA:345,0
DA:346,0
DA:348,0
DA:350,0
DA:351,0
DA:356,0
DA:357,0
DA:362,0
DA:375,0
DA:376,0
DA:378,0
DA:380,0
DA:381,0
DA:386,0
DA:387,0
DA:390,0
DA:391,0
DA:397,0
DA:399,0
DA:400,0
DA:405,0
DA:411,0
DA:416,0
DA:432,0
DA:434,0
DA:435,0
DA:437,0
DA:438,0
DA:439,0
DA:440,0
DA:443,0
DA:446,0
DA:447,0
DA:450,0
DA:457,0
DA:460,0
DA:466,0
DA:467,0
DA:470,0
DA:478,0
DA:479,0
DA:480,0
DA:483,0
DA:484,0
DA:487,0
DA:494,0
DA:500,0
LF:153
LH:0
BRDA:27,0,0,0
BRDA:31,1,0,0
BRDA:31,1,1,0
BRDA:32,2,0,0
BRDA:32,2,1,0
BRDA:33,3,0,0
BRDA:33,3,1,0
BRDA:33,4,0,0
BRDA:33,4,1,0
BRDA:35,5,0,0
BRDA:35,5,1,0
BRDA:35,6,0,0
BRDA:35,6,1,0
BRDA:40,7,0,0
BRDA:40,7,1,0
BRDA:40,8,0,0
BRDA:40,8,1,0
BRDA:42,9,0,0
BRDA:42,9,1,0
BRDA:44,10,0,0
BRDA:44,10,1,0
BRDA:48,11,0,0
BRDA:48,11,1,0
BRDA:61,12,0,0
BRDA:61,12,1,0
BRDA:70,13,0,0
BRDA:70,13,1,0
BRDA:72,14,0,0
BRDA:72,14,1,0
BRDA:74,15,0,0
BRDA:74,15,1,0
BRDA:80,16,0,0
BRDA:80,16,1,0
BRDA:82,17,0,0
BRDA:82,17,1,0
BRDA:86,18,0,0
BRDA:86,18,1,0
BRDA:91,19,0,0
BRDA:91,19,1,0
BRDA:104,20,0,0
BRDA:104,20,1,0
BRDA:111,21,0,0
BRDA:111,21,1,0
BRDA:118,22,0,0
BRDA:118,22,1,0
BRDA:118,23,0,0
BRDA:118,23,1,0
BRDA:120,24,0,0
BRDA:120,24,1,0
BRDA:120,25,0,0
BRDA:120,25,1,0
BRDA:125,26,0,0
BRDA:125,26,1,0
BRDA:126,27,0,0
BRDA:126,27,1,0
BRDA:137,28,0,0
BRDA:137,28,1,0
BRDA:137,29,0,0
BRDA:137,29,1,0
BRDA:175,30,0,0
BRDA:175,30,1,0
BRDA:181,31,0,0
BRDA:181,31,1,0
BRDA:183,32,0,0
BRDA:183,32,1,0
BRDA:188,33,0,0
BRDA:188,33,1,0
BRDA:189,34,0,0
BRDA:189,34,1,0
BRDA:202,35,0,0
BRDA:202,35,1,0
BRDA:241,36,0,0
BRDA:241,36,1,0
BRDA:246,37,0,0
BRDA:246,37,1,0
BRDA:246,38,0,0
BRDA:246,38,1,0
BRDA:252,39,0,0
BRDA:252,39,1,0
BRDA:254,40,0,0
BRDA:254,40,1,0
BRDA:290,41,0,0
BRDA:290,41,1,0
BRDA:295,42,0,0
BRDA:295,42,1,0
BRDA:295,43,0,0
BRDA:295,43,1,0
BRDA:300,44,0,0
BRDA:300,44,1,0
BRDA:305,45,0,0
BRDA:305,45,1,0
BRDA:309,46,0,0
BRDA:309,46,1,0
BRDA:345,47,0,0
BRDA:345,47,1,0
BRDA:346,48,0,0
BRDA:346,48,1,0
BRDA:350,49,0,0
BRDA:350,49,1,0
BRDA:356,50,0,0
BRDA:356,50,1,0
BRDA:386,51,0,0
BRDA:386,51,1,0
BRDA:390,52,0,0
BRDA:390,52,1,0
BRDA:399,53,0,0
BRDA:399,53,1,0
BRDA:431,54,0,0
BRDA:435,55,0,0
BRDA:435,55,1,0
BRDA:435,55,2,0
BRDA:435,55,3,0
BRDA:435,55,4,0
BRF:113
BRH:0
end_of_record
TN:
SF:utils/appError.js
FN:2,(anonymous_0)
FNF:1
FNH:0
FNDA:0,(anonymous_0)
DA:3,0
DA:4,0
DA:5,0
DA:6,0
DA:8,0
LF:5
LH:0
BRDA:5,0,0,0
BRDA:5,0,1,0
BRF:2
BRH:0
end_of_record
TN:
SF:utils/catchAsync.js
FN:6,(anonymous_0)
FN:7,(anonymous_1)
FNF:2
FNH:0
FNDA:0,(anonymous_0)
FNDA:0,(anonymous_1)
DA:6,0
DA:7,0
DA:8,0
LF:3
LH:0
BRF:0
BRH:0
end_of_record
TN:
SF:utils/constants.js
FNF:0
FNH:0
DA:2,0
DA:9,0
DA:19,0
DA:29,0
LF:4
LH:0
BRF:0
BRH:0
end_of_record
TN:
SF:utils/dateUtils.js
FNF:0
FNH:0
LF:0
LH:0
BRF:0
BRH:0
end_of_record
TN:
SF:utils/encryption.js
FNF:0
FNH:0
LF:0
LH:0
BRF:0
BRH:0
end_of_record
TN:
SF:utils/eventBus.js
FN:4,(anonymous_0)
FN:10,(anonymous_1)
FN:20,(anonymous_2)
FN:42,(anonymous_3)
FN:43,(anonymous_4)
FNF:5
FNH:0
FNDA:0,(anonymous_0)
FNDA:0,(anonymous_1)
FNDA:0,(anonymous_2)
FNDA:0,(anonymous_3)
FNDA:0,(anonymous_4)
DA:5,0
DA:7,0
DA:10,0
DA:11,0
DA:21,0
DA:23,0
DA:24,0
DA:25,0
DA:27,0
DA:29,0
DA:33,0
DA:43,0
DA:44,0
DA:45,0
DA:47,0
DA:54,0
LF:16
LH:0
BRF:0
BRH:0
end_of_record
TN:
SF:utils/imageUtils.js
FN:15,(anonymous_0)
FN:67,(anonymous_1)
FN:126,(anonymous_2)
FN:146,(anonymous_3)
FN:168,(anonymous_4)
FN:196,(anonymous_5)
FN:214,(anonymous_6)
FNF:7
FNH:0
FNDA:0,(anonymous_0)
FNDA:0,(anonymous_1)
FNDA:0,(anonymous_2)
FNDA:0,(anonymous_3)
FNDA:0,(anonymous_4)
FNDA:0,(anonymous_5)
FNDA:0,(anonymous_6)
DA:21,0
DA:23,0
DA:24,0
DA:27,0
DA:30,0
DA:31,0
DA:38,0
DA:41,0
DA:42,0
DA:44,0
DA:45,0
DA:47,0
DA:48,0
DA:50,0
DA:53,0
DA:55,0
DA:57,0
DA:68,0
DA:69,0
DA:72,0
DA:73,0
DA:80,0
DA:81,0
DA:87,0
DA:88,0
DA:95,0
DA:96,0
DA:97,0
DA:103,0
DA:113,0
DA:127,0
DA:128,0
DA:136,0
DA:137,0
DA:147,0
DA:148,0
DA:149,0
DA:156,0
DA:158,0
DA:169,0
DA:170,0
DA:171,0
DA:174,0
DA:175,0
DA:179,0
DA:182,0
DA:184,0
DA:185,0
DA:197,0
DA:205,0
DA:215,0
DA:216,0
DA:218,0
DA:219,0
LF:54
LH:0
BRDA:15,0,0,0
BRDA:17,1,0,0
BRDA:18,2,0,0
BRDA:19,3,0,0
BRDA:20,4,0,0
BRDA:30,5,0,0
BRDA:30,5,1,0
BRDA:30,6,0,0
BRDA:30,6,1,0
BRDA:38,7,0,0
BRDA:38,7,1,0
BRDA:38,7,2,0
BRDA:38,7,3,0
BRDA:38,7,4,0
BRDA:72,8,0,0
BRDA:72,8,1,0
BRDA:80,9,0,0
BRDA:80,9,1,0
BRDA:80,10,0,0
BRDA:80,10,1,0
BRDA:87,11,0,0
BRDA:87,11,1,0
BRDA:87,12,0,0
BRDA:87,12,1,0
BRDA:96,13,0,0
BRDA:96,13,1,0
BRDA:126,14,0,0
BRDA:156,15,0,0
BRDA:156,15,1,0
BRDA:168,16,0,0
BRDA:174,17,0,0
BRDA:174,17,1,0
BRDA:196,18,0,0
BRDA:196,19,0,0
BRDA:196,20,0,0
BRDA:219,21,0,0
BRDA:219,21,1,0
BRF:37
BRH:0
end_of_record
TN:
SF:utils/logger.js
FNF:0
FNH:0
DA:5,0
DA:11,0
LF:2
LH:0
BRDA:12,0,0,0
BRDA:12,0,1,0
BRF:2
BRH:0
end_of_record
TN:
SF:utils/passport.js
FN:21,(anonymous_0)
FN:87,(anonymous_1)
FN:154,(anonymous_2)
FN:214,(anonymous_3)
FN:215,(anonymous_4)
FNF:5
FNH:0
FNDA:0,(anonymous_0)
FNDA:0,(anonymous_1)
FNDA:0,(anonymous_2)
FNDA:0,(anonymous_3)
FNDA:0,(anonymous_4)
DA:13,0
DA:14,0
DA:22,0
DA:23,0
DA:28,0
DA:29,0
DA:32,0
DA:33,0
DA:38,0
DA:39,0
DA:42,0
DA:58,0
DA:60,0
DA:66,0
DA:68,0
DA:74,0
DA:78,0
DA:79,0
DA:88,0
DA:89,0
DA:94,0
DA:95,0
DA:98,0
DA:99,0
DA:104,0
DA:105,0
DA:108,0
DA:124,0
DA:126,0
DA:132,0
DA:134,0
DA:140,0
DA:144,0
DA:145,0
DA:155,0
DA:156,0
DA:161,0
DA:162,0
DA:165,0
DA:166,0
DA:171,0
DA:172,0
DA:175,0
DA:194,0
DA:196,0
DA:202,0
DA:204,0
DA:210,0
DA:214,0
DA:215,0
DA:216,0
DA:217,0
LF:52
LH:0
BRDA:13,0,0,0
BRDA:13,0,1,0
BRDA:13,1,0,0
BRDA:13,1,1,0
BRDA:19,2,0,0
BRDA:19,2,1,0
BRDA:19,3,0,0
BRDA:19,3,1,0
BRDA:28,4,0,0
BRDA:28,4,1,0
BRDA:32,5,0,0
BRDA:32,5,1,0
BRDA:78,6,0,0
BRDA:78,6,1,0
BRDA:78,7,0,0
BRDA:78,7,1,0
BRDA:84,8,0,0
BRDA:84,8,1,0
BRDA:84,9,0,0
BRDA:84,9,1,0
BRDA:94,10,0,0
BRDA:94,10,1,0
BRDA:98,11,0,0
BRDA:98,11,1,0
BRDA:144,12,0,0
BRDA:144,12,1,0
BRDA:144,13,0,0
BRDA:144,13,1,0
BRDA:161,14,0,0
BRDA:161,14,1,0
BRDA:165,15,0,0
BRDA:165,15,1,0
BRDA:177,16,0,0
BRDA:177,16,1,0
BRDA:177,17,0,0
BRDA:177,17,1,0
BRDA:178,18,0,0
BRDA:178,18,1,0
BRF:38
BRH:0
end_of_record
TN:
SF:utils/responseFormatter.js
FN:3,(anonymous_0)
FN:30,(anonymous_1)
FNF:2
FNH:0
FNDA:0,(anonymous_0)
FNDA:0,(anonymous_1)
DA:3,0
DA:8,0
DA:10,0
DA:24,0
DA:30,0
DA:36,0
LF:6
LH:0
BRDA:6,0,0,0
BRDA:10,1,0,0
BRDA:10,1,1,0
BRDA:12,2,0,0
BRDA:12,2,1,0
BRDA:14,3,0,0
BRDA:14,3,1,0
BRDA:16,4,0,0
BRDA:16,4,1,0
BRDA:18,5,0,0
BRDA:18,5,1,0
BRDA:20,6,0,0
BRDA:20,6,1,0
BRDA:26,7,0,0
BRDA:26,7,1,0
BRDA:33,8,0,0
BRDA:34,9,0,0
BRF:17
BRH:0
end_of_record
TN:
SF:utils/seedTestUsers.js
FN:8,(anonymous_0)
FN:83,(anonymous_1)
FN:88,(anonymous_2)
FNF:3
FNH:0
FNDA:0,(anonymous_0)
FNDA:0,(anonymous_1)
FNDA:0,(anonymous_2)
DA:8,0
DA:9,0
DA:11,0
DA:50,0
DA:51,0
DA:53,0
DA:54,0
DA:55,0
DA:56,0
DA:60,0
DA:63,0
DA:72,0
DA:74,0
DA:77,0
DA:79,0
DA:83,0
DA:84,0
DA:85,0
DA:88,0
DA:89,0
DA:90,0
DA:92,0
DA:96,0
DA:98,0
DA:104,0
DA:106,0
DA:112,0
DA:114,0
DA:119,0
DA:122,0
LF:30
LH:0
BRDA:54,0,0,0
BRDA:54,0,1,0
BRDA:66,1,0,0
BRDA:66,1,1,0
BRDA:67,2,0,0
BRDA:67,2,1,0
BRDA:85,3,0,0
BRDA:85,3,1,0
BRDA:90,4,0,0
BRDA:90,4,1,0
BRDA:90,4,2,0
BRDA:90,4,3,0
BRF:12
BRH:0
end_of_record
TN:
SF:utils/smsTemplatesSeeder.js
FN:2,(anonymous_0)
FNF:1
FNH:0
FNDA:0,(anonymous_0)
DA:2,0
DA:3,0
DA:64,0
DA:65,0
DA:67,0
DA:68,0
DA:73,0
DA:74,0
DA:75,0
DA:79,0
DA:81,0
LF:11
LH:0
BRDA:73,0,0,0
BRDA:73,0,1,0
BRF:2
BRH:0
end_of_record
TN:
SF:utils/socket.js
FN:5,(anonymous_0)
FN:15,(anonymous_1)
FNF:2
FNH:0
FNDA:0,(anonymous_0)
FNDA:0,(anonymous_1)
DA:5,0
DA:6,0
DA:12,0
DA:15,0
DA:16,0
DA:17,0
DA:19,0
LF:7
LH:0
BRDA:16,0,0,0
BRDA:16,0,1,0
BRF:2
BRH:0
end_of_record
TN:
SF:utils/taskAssigner.js
FN:11,(anonymous_0)
FN:25,(anonymous_1)
FN:46,(anonymous_2)
FN:79,(anonymous_3)
FN:83,(anonymous_4)
FN:84,(anonymous_5)
FN:93,(anonymous_6)
FN:111,(anonymous_7)
FNF:8
FNH:0
FNDA:0,(anonymous_0)
FNDA:0,(anonymous_1)
FNDA:0,(anonymous_2)
FNDA:0,(anonymous_3)
FNDA:0,(anonymous_4)
FNDA:0,(anonymous_5)
FNDA:0,(anonymous_6)
FNDA:0,(anonymous_7)
DA:4,0
DA:11,0
DA:12,0
DA:13,0
DA:16,0
DA:20,0
DA:21,0
DA:25,0
DA:26,0
DA:31,0
DA:37,0
DA:46,0
DA:48,0
DA:49,0
DA:52,0
DA:53,0
DA:56,0
DA:60,0
DA:61,0
DA:62,0
DA:63,0
DA:64,0
DA:67,0
DA:75,0
DA:76,0
DA:79,0
DA:80,0
DA:82,0
DA:83,0
DA:84,0
DA:85,0
DA:86,0
DA:90,0
DA:93,0
DA:94,0
DA:95,0
DA:98,0
DA:99,0
DA:100,0
DA:103,0
DA:104,0
DA:107,0
DA:108,0
DA:111,0
DA:112,0
DA:113,0
DA:116,0
DA:117,0
DA:121,0
DA:122,0
DA:129,0
DA:130,0
LF:52
LH:0
BRDA:13,0,0,0
BRDA:13,0,1,0
BRDA:20,1,0,0
BRDA:20,1,1,0
BRDA:49,2,0,0
BRDA:49,2,1,0
BRDA:53,3,0,0
BRDA:53,3,1,0
BRDA:80,4,0,0
BRDA:80,4,1,0
BRDA:80,5,0,0
BRDA:80,5,1,0
BRDA:85,6,0,0
BRDA:85,6,1,0
BRDA:95,7,0,0
BRDA:95,7,1,0
BRDA:98,8,0,0
BRDA:98,8,1,0
BRDA:99,9,0,0
BRDA:99,9,1,0
BRDA:100,10,0,0
BRDA:100,10,1,0
BRDA:103,11,0,0
BRDA:103,11,1,0
BRDA:113,12,0,0
BRDA:113,12,1,0
BRDA:116,13,0,0
BRDA:116,13,1,0
BRF:28
BRH:0
end_of_record
TN:
SF:utils/timeUtils.js
FN:8,(anonymous_0)
FN:51,(anonymous_1)
FNF:2
FNH:0
FNDA:0,(anonymous_0)
FNDA:0,(anonymous_1)
DA:8,0
DA:9,0
DA:11,0
DA:12,0
DA:13,0
DA:15,0
DA:16,0
DA:19,0
DA:22,0
DA:23,0
DA:26,0
DA:27,0
DA:28,0
DA:30,0
DA:32,0
DA:33,0
DA:34,0
DA:38,0
DA:39,0
DA:41,0
DA:42,0
DA:51,0
DA:52,0
DA:53,0
DA:57,0
DA:58,0
DA:61,0
DA:68,0
DA:69,0
DA:70,0
DA:76,0
LF:31
LH:0
BRDA:22,0,0,0
BRDA:22,0,1,0
BRDA:22,1,0,0
BRDA:22,1,1,0
BRDA:32,2,0,0
BRDA:32,2,1,0
BRDA:32,3,0,0
BRDA:32,3,1,0
BRDA:52,4,0,0
BRDA:52,4,1,0
BRDA:57,5,0,0
BRDA:57,5,1,0
BRDA:69,6,0,0
BRDA:69,6,1,0
BRF:14
BRH:0
end_of_record
TN:
SF:utils/validators.js
FNF:0
FNH:0
LF:0
LH:0
BRF:0
BRH:0
end_of_record
